Change Component Designator: Old Designator=C? New Designator=C300
Change Component Designator: Old Designator=C? New Designator=C301
Change Component Designator: Old Designator=C? New Designator=C302
Change Component Designator: Old Designator=C? New Designator=C303
Change Component Designator: Old Designator=C? New Designator=C304
Change Component Designator: Old Designator=C? New Designator=C305
Change Component Designator: Old Designator=C? New Designator=C306
Change Component Designator: Old Designator=C? New Designator=C307
Change Component Designator: Old Designator=C? New Designator=C308
Change Component Designator: Old Designator=C? New Designator=C309
Change Component Designator: Old Designator=C? New Designator=C310
Change Component Designator: Old Designator=C? New Designator=C311
Change Component Designator: Old Designator=C? New Designator=C312
Change Component Designator: Old Designator=C? New Designator=C313
Change Component Designator: Old Designator=C? New Designator=C314
Change Component Designator: Old Designator=C? New Designator=C315
Change Component Designator: Old Designator=C? New Designator=C316
Change Component Designator: Old Designator=C? New Designator=C317
Change Component Designator: Old Designator=C? New Designator=C318
Change Component Designator: Old Designator=C? New Designator=C319
Change Component Designator: Old Designator=C? New Designator=C320
Change Component Designator: Old Designator=C? New Designator=C321
Change Component Designator: Old Designator=C? New Designator=C322
Change Component Designator: Old Designator=C? New Designator=C323
Change Component Designator: Old Designator=C? New Designator=C324
Change Component Designator: Old Designator=C? New Designator=C325
Change Component Designator: Old Designator=C? New Designator=C326
Change Component Designator: Old Designator=C? New Designator=C327
Change Component Designator: Old Designator=C? New Designator=C328
Change Component Designator: Old Designator=C? New Designator=C329
Change Component Designator: Old Designator=C? New Designator=C330
Change Component Designator: Old Designator=C? New Designator=C331
Change Component Designator: Old Designator=C? New Designator=C332
Change Component Designator: Old Designator=C? New Designator=C333
Change Component Designator: Old Designator=C? New Designator=C334
Change Component Designator: Old Designator=C? New Designator=C335
Change Component Designator: Old Designator=C? New Designator=C336
Change Component Designator: Old Designator=C? New Designator=C337
Change Component Designator: Old Designator=C? New Designator=C338
Change Component Designator: Old Designator=C? New Designator=C339
Change Component Designator: Old Designator=C? New Designator=C340
Change Component Designator: Old Designator=C? New Designator=C341
Change Component Designator: Old Designator=C? New Designator=C342
Change Component Designator: Old Designator=D? New Designator=D300
Change Component Designator: Old Designator=D? New Designator=D301
Change Component Designator: Old Designator=D? New Designator=D302
Change Component Designator: Old Designator=D? New Designator=D303
Change Component Designator: Old Designator=D? New Designator=D304
Change Component Designator: Old Designator=D? New Designator=D305
Change Component Designator: Old Designator=D? New Designator=D306
Change Component Designator: Old Designator=D? New Designator=D307
Change Component Designator: Old Designator=D? New Designator=D308
Change Component Designator: Old Designator=DB? New Designator=DB300
Change Component Designator: Old Designator=L? New Designator=L300
Change Component Designator: Old Designator=L? New Designator=L301
Change Component Designator: Old Designator=R? New Designator=R300
Change Component Designator: Old Designator=R? New Designator=R301
Change Component Designator: Old Designator=R? New Designator=R302
Change Component Designator: Old Designator=R? New Designator=R303
Change Component Designator: Old Designator=R? New Designator=R304
Change Component Designator: Old Designator=R? New Designator=R305
Change Component Designator: Old Designator=R? New Designator=R306
Change Component Designator: Old Designator=R? New Designator=R307
Change Component Designator: Old Designator=R? New Designator=R308
Change Component Designator: Old Designator=R? New Designator=R309
Change Component Designator: Old Designator=R? New Designator=R310
Change Component Designator: Old Designator=R? New Designator=R311
Change Component Designator: Old Designator=R? New Designator=R312
Change Component Designator: Old Designator=R? New Designator=R313
Change Component Designator: Old Designator=R? New Designator=R314
Change Component Designator: Old Designator=R? New Designator=R315
Change Component Designator: Old Designator=R? New Designator=R316
Change Component Designator: Old Designator=R? New Designator=R317
Change Component Designator: Old Designator=R? New Designator=R318
Change Component Designator: Old Designator=R? New Designator=R319
Change Component Designator: Old Designator=R? New Designator=R320
Change Component Designator: Old Designator=R? New Designator=R321
Change Component Designator: Old Designator=R? New Designator=R322
Change Component Designator: Old Designator=R? New Designator=R323
Change Component Designator: Old Designator=R? New Designator=R324
Change Component Designator: Old Designator=R? New Designator=R325
Change Component Designator: Old Designator=R? New Designator=R326
Change Component Designator: Old Designator=R? New Designator=R327
Change Component Designator: Old Designator=R? New Designator=R328
Change Component Designator: Old Designator=R? New Designator=R329
Change Component Designator: Old Designator=R? New Designator=R330
Change Component Designator: Old Designator=R? New Designator=R331
Change Component Designator: Old Designator=R? New Designator=R332
Change Component Designator: Old Designator=R? New Designator=R333
Change Component Designator: Old Designator=R? New Designator=R334
Change Component Designator: Old Designator=R? New Designator=R335
Change Component Designator: Old Designator=R? New Designator=R336
Change Component Designator: Old Designator=R? New Designator=R337
Change Component Designator: Old Designator=R? New Designator=R338
Change Component Designator: Old Designator=U? New Designator=U300
Change Component Designator: Old Designator=U? New Designator=U300
Change Component Designator: Old Designator=XT? New Designator=XT300
