Removed Pin From Net: NetName=NetC333_1 Pin=U?-A1
Removed Pin From Net: NetName=NetR310_2 Pin=U?-A2
Removed Pin From Net: NetName=NetC338_1 Pin=U?-A3
Removed Pin From Net: NetName=NetC335_1 Pin=U?-B1
Removed Pin From Net: NetName=NetR312_2 Pin=U?-B2
Removed Pin From Net: NetName=NetR331_2 Pin=U?-B3
Removed Pin From Net: NetName=CLOCK_SELECT Pin=U?-B8
Removed Pin From Net: NetName=NetC331_1 Pin=U?-C1
Removed Pin From Net: NetName=NetR317_2 Pin=U?-C2
Removed Pin From Net: NetName=NetC338_2 Pin=U?-C3
Removed Pin From Net: NetName=NetR332_1 Pin=U?-C4
Removed Pin From Net: NetName=NetC342_1 Pin=U?-D1
Removed Pin From Net: NetName=NetR320_2 Pin=U?-D2
Removed Pin From Net: NetName=NetC323_2 Pin=U?-D3
Removed Pin From Net: NetName=AFE_DRDY Pin=U?-D6
Removed Pin From Net: NetName=NetC337_1 Pin=U?-E1
Removed Pin From Net: NetName=NetR321_2 Pin=U?-E2
Removed Pin From Net: NetName=PACEO1 Pin=U?-E3
Removed Pin From Net: NetName=GPIO4 Pin=U?-E5
Removed Pin From Net: NetName=GPIO3 Pin=U?-E6
Removed Pin From Net: NetName=GPIO2 Pin=U?-E7
Removed Pin From Net: NetName=SPI_OUT Pin=U?-E8
Removed Pin From Net: NetName=NetC329_1 Pin=U?-F1
Removed Pin From Net: NetName=NetC322_1 Pin=U?-F2
Removed Pin From Net: NetName=PACEO2 Pin=U?-F3
Removed Pin From Net: NetName=GPIO1 Pin=U?-F5
Removed Pin From Net: NetName=AGND Pin=U?-F6
Removed Pin From Net: NetName=SPI_CS Pin=U?-F7
Removed Pin From Net: NetName=SPI_CLK Pin=U?-F8
Removed Pin From Net: NetName=NetC325_1 Pin=U?-G1
Removed Pin From Net: NetName=NetC322_1 Pin=U?-G2
Removed Pin From Net: NetName=AFE_PWDN Pin=U?-G5
Removed Pin From Net: NetName=AFE_RESET Pin=U?-G6
Removed Pin From Net: NetName=AFE_START Pin=U?-G7
Removed Pin From Net: NetName=CLOCK Pin=U?-G8
Removed Pin From Net: NetName=NetR327_2 Pin=U?-H1
Removed Pin From Net: NetName=NetC340_1 Pin=U?-H2
Removed Pin From Net: NetName=VREFP Pin=U?-H3
Removed Pin From Net: NetName=AGND Pin=U?-H4
Removed Pin From Net: NetName=SPI_IN Pin=U?-H8
Change Component Designator: OldDesignator=U? NewDesignator=U300
Added Pin To Net: NetName=NetC333_1 Pin=U300-A1
Added Pin To Net: NetName=NetR310_2 Pin=U300-A2
Added Pin To Net: NetName=NetC338_1 Pin=U300-A3
Added Pin To Net: NetName=NetC335_1 Pin=U300-B1
Added Pin To Net: NetName=NetR312_2 Pin=U300-B2
Added Pin To Net: NetName=NetR331_2 Pin=U300-B3
Added Pin To Net: NetName=CLOCK_SELECT Pin=U300-B8
Added Pin To Net: NetName=NetC331_1 Pin=U300-C1
Added Pin To Net: NetName=NetR317_2 Pin=U300-C2
Added Pin To Net: NetName=NetC338_2 Pin=U300-C3
Added Pin To Net: NetName=NetR332_1 Pin=U300-C4
Added Pin To Net: NetName=NetC342_1 Pin=U300-D1
Added Pin To Net: NetName=NetR320_2 Pin=U300-D2
Added Pin To Net: NetName=NetC323_2 Pin=U300-D3
Added Pin To Net: NetName=AFE_DRDY Pin=U300-D6
Added Pin To Net: NetName=NetC337_1 Pin=U300-E1
Added Pin To Net: NetName=NetR321_2 Pin=U300-E2
Added Pin To Net: NetName=PACEO1 Pin=U300-E3
Added Pin To Net: NetName=GPIO4 Pin=U300-E5
Added Pin To Net: NetName=GPIO3 Pin=U300-E6
Added Pin To Net: NetName=GPIO2 Pin=U300-E7
Added Pin To Net: NetName=SPI_OUT Pin=U300-E8
Added Pin To Net: NetName=NetC329_1 Pin=U300-F1
Added Pin To Net: NetName=NetC322_1 Pin=U300-F2
Added Pin To Net: NetName=PACEO2 Pin=U300-F3
Added Pin To Net: NetName=GPIO1 Pin=U300-F5
Added Pin To Net: NetName=AGND Pin=U300-F6
Added Pin To Net: NetName=SPI_CS Pin=U300-F7
Added Pin To Net: NetName=SPI_CLK Pin=U300-F8
Added Pin To Net: NetName=NetC325_1 Pin=U300-G1
Added Pin To Net: NetName=NetC322_1 Pin=U300-G2
Added Pin To Net: NetName=AFE_PWDN Pin=U300-G5
Added Pin To Net: NetName=AFE_RESET Pin=U300-G6
Added Pin To Net: NetName=AFE_START Pin=U300-G7
Added Pin To Net: NetName=CLOCK Pin=U300-G8
Added Pin To Net: NetName=NetR327_2 Pin=U300-H1
Added Pin To Net: NetName=NetC340_1 Pin=U300-H2
Added Pin To Net: NetName=VREFP Pin=U300-H3
Added Pin To Net: NetName=AGND Pin=U300-H4
Added Pin To Net: NetName=SPI_IN Pin=U300-H8
