Removed Pin From Net: NetName=NetC333_1 Pin=U300-A1
Removed Pin From Net: NetName=NetR310_2 Pin=U300-A2
Removed Pin From Net: NetName=NetC338_1 Pin=U300-A3
Removed Pin From Net: NetName=AGND Pin=U300-A5
Removed Pin From Net: NetName=AFE_A Pin=U300-A7
Removed Pin From Net: NetName=NetC335_1 Pin=U300-B1
Removed Pin From Net: NetName=NetR312_2 Pin=U300-B2
Removed Pin From Net: NetName=AFE_A Pin=U300-B4
Removed Pin From Net: NetName=AGND Pin=U300-B5
Removed Pin From Net: NetName=AFE_A Pin=U300-B6
Removed Pin From Net: NetName=VCAP3 Pin=U300-B7
Removed Pin From Net: NetName=CLOCK_SELECT Pin=U300-B8
Removed Pin From Net: NetName=NetR317_2 Pin=U300-C2
Removed Pin From Net: NetName=NetR332_1 Pin=U300-C4
Removed Pin From Net: NetName=AGND Pin=U300-C5
Removed Pin From Net: NetName=AFE_A Pin=U300-C6
Removed Pin From Net: NetName=AGND Pin=U300-C7
Removed Pin From Net: NetName=AFE_D Pin=U300-C8
Removed Pin From Net: NetName=NetC342_1 Pin=U300-D1
Removed Pin From Net: NetName=NetR320_2 Pin=U300-D2
Removed Pin From Net: NetName=NetR321_2 Pin=U300-E2
Removed Pin From Net: NetName=PACEO1 Pin=U300-E3
Removed Pin From Net: NetName=AGND Pin=U300-E4
Removed Pin From Net: NetName=GPIO4 Pin=U300-E5
Removed Pin From Net: NetName=GPIO3 Pin=U300-E6
Removed Pin From Net: NetName=GPIO2 Pin=U300-E7
Removed Pin From Net: NetName=SPI_OUT Pin=U300-E8
Removed Pin From Net: NetName=NetC329_1 Pin=U300-F1
Removed Pin From Net: NetName=NetC322_1 Pin=U300-F2
Removed Pin From Net: NetName=PACEO2 Pin=U300-F3
Removed Pin From Net: NetName=GPIO1 Pin=U300-F5
Removed Pin From Net: NetName=AGND Pin=U300-F6
Removed Pin From Net: NetName=SPI_CS Pin=U300-F7
Removed Pin From Net: NetName=SPI_CLK Pin=U300-F8
Removed Pin From Net: NetName=NetC322_1 Pin=U300-G2
Removed Pin From Net: NetName=VCAP4 Pin=U300-G3
Removed Pin From Net: NetName=AFE_PWDN Pin=U300-G5
Removed Pin From Net: NetName=AFE_RESET Pin=U300-G6
Removed Pin From Net: NetName=AFE_START Pin=U300-G7
Removed Pin From Net: NetName=CLOCK Pin=U300-G8
Removed Pin From Net: NetName=NetR327_2 Pin=U300-H1
Removed Pin From Net: NetName=NetC340_1 Pin=U300-H2
Removed Pin From Net: NetName=VREFP Pin=U300-H3
Removed Member From Class: ClassName=BIO_SENSOR Member=U300
Added Component: Designator=U?(ADS1298RIZXGT)
Add component (AddParameter): Name = "Supplier 1"; Value = "Digikey"; VariantName = "[No Variations]"
Add component (AddParameter): Name = "Supplier Part Number 1"; Value = "4823-NRF5340-CLAA-RCT-ND"; VariantName = "[No Variations]"
Added Component: Designator=U?(ADS1298RIZXGT)
Add component (AddParameter): Name = "Supplier 1"; Value = "Digikey"; VariantName = "[No Variations]"
Add component (AddParameter): Name = "Supplier Part Number 1"; Value = "4823-NRF5340-CLAA-RCT-ND"; VariantName = "[No Variations]"
Added Pin To Net: NetName=NetC333_1 Pin=U?-A1
Added Pin To Net: NetName=NetR310_2 Pin=U?-A2
Added Pin To Net: NetName=NetC338_1 Pin=U?-A3
Added Pin To Net: NetName=AGND Pin=U?-A5
Added Pin To Net: NetName=AFE_A Pin=U?-A6
Added Pin To Net: NetName=AFE_A Pin=U?-A7
Added Pin To Net: NetName=AGND Pin=U?-A8
Added Pin To Net: NetName=NetC335_1 Pin=U?-B1
Added Pin To Net: NetName=NetR312_2 Pin=U?-B2
Added Pin To Net: NetName=NetR331_2 Pin=U?-B3
Added Pin To Net: NetName=AFE_A Pin=U?-B4
Added Pin To Net: NetName=AGND Pin=U?-B5
Added Pin To Net: NetName=AFE_A Pin=U?-B6
Added Pin To Net: NetName=VCAP3 Pin=U?-B7
Added Pin To Net: NetName=CLOCK_SELECT Pin=U?-B8
Added Pin To Net: NetName=NetC331_1 Pin=U?-C1
Added Pin To Net: NetName=NetR317_2 Pin=U?-C2
Added Pin To Net: NetName=NetC338_2 Pin=U?-C3
Added Pin To Net: NetName=NetR332_1 Pin=U?-C4
Added Pin To Net: NetName=AGND Pin=U?-C5
Added Pin To Net: NetName=AFE_A Pin=U?-C6
Added Pin To Net: NetName=AGND Pin=U?-C7
Added Pin To Net: NetName=AFE_D Pin=U?-C8
Added Pin To Net: NetName=NetC342_1 Pin=U?-D1
Added Pin To Net: NetName=NetR320_2 Pin=U?-D2
Added Pin To Net: NetName=NetC323_2 Pin=U?-D3
Added Pin To Net: NetName=AGND Pin=U?-D4
Added Pin To Net: NetName=AGND Pin=U?-D5
Added Pin To Net: NetName=AFE_DRDY Pin=U?-D6
Added Pin To Net: NetName=AGND Pin=U?-D7
Added Pin To Net: NetName=NetC337_1 Pin=U?-E1
Added Pin To Net: NetName=NetR321_2 Pin=U?-E2
Added Pin To Net: NetName=PACEO1 Pin=U?-E3
Added Pin To Net: NetName=AGND Pin=U?-E4
Added Pin To Net: NetName=GPIO4 Pin=U?-E5
Added Pin To Net: NetName=GPIO3 Pin=U?-E6
Added Pin To Net: NetName=GPIO2 Pin=U?-E7
Added Pin To Net: NetName=SPI_OUT Pin=U?-E8
Added Pin To Net: NetName=NetC329_1 Pin=U?-F1
Added Pin To Net: NetName=NetC322_1 Pin=U?-F2
Added Pin To Net: NetName=PACEO2 Pin=U?-F3
Added Pin To Net: NetName=GPIO1 Pin=U?-F5
Added Pin To Net: NetName=AGND Pin=U?-F6
Added Pin To Net: NetName=SPI_CS Pin=U?-F7
Added Pin To Net: NetName=SPI_CLK Pin=U?-F8
Added Pin To Net: NetName=NetC325_1 Pin=U?-G1
Added Pin To Net: NetName=NetC322_1 Pin=U?-G2
Added Pin To Net: NetName=VCAP4 Pin=U?-G3
Added Pin To Net: NetName=AFE_PWDN Pin=U?-G5
Added Pin To Net: NetName=AFE_RESET Pin=U?-G6
Added Pin To Net: NetName=AFE_START Pin=U?-G7
Added Pin To Net: NetName=CLOCK Pin=U?-G8
Added Pin To Net: NetName=NetR327_2 Pin=U?-H1
Added Pin To Net: NetName=NetC340_1 Pin=U?-H2
Added Pin To Net: NetName=VREFP Pin=U?-H3
Added Pin To Net: NetName=AGND Pin=U?-H4
Added Pin To Net: NetName=VCAP1 Pin=U?-H5
Added Pin To Net: NetName=VCAP2 Pin=U?-H6
Added Pin To Net: NetName=AGND Pin=U?-H7
Added Pin To Net: NetName=SPI_IN Pin=U?-H8
Added Member To Class: ClassName=BIO_SENSOR Member=Component U? ADS1298RIZXGT_A
Added Member To Class: ClassName=BIO_SENSOR Member=Component U? ADS1298RIZXGT_A
