Change Component Designator: OldDesignator=R102 NewDesignator=R103
Change Component Designator: OldDesignator=R103 NewDesignator=R104
Change Component Designator: OldDesignator=R104 NewDesignator=R105
Change Component Designator: OldDesignator=R105 NewDesignator=R106
Change Component Designator: OldDesignator=R106 NewDesignator=R107
Change Component Designator: OldDesignator=R107 NewDesignator=R108
Change Component Designator: OldDesignator=R108 NewDesignator=R109
Change Component Designator: OldDesignator=R109 NewDesignator=R110
Change Component Designator: OldDesignator=R110 NewDesignator=R111
Change Component Designator: OldDesignator=R111 NewDesignator=R112
Change Component Designator: OldDesignator=R112 NewDesignator=R113
Change Component Designator: OldDesignator=R113 NewDesignator=R114
Change Component Designator: OldDesignator=R114 NewDesignator=R115
Change Component Designator: OldDesignator=R115 NewDesignator=R116
Change Component Designator: OldDesignator=R116 NewDesignator=R117
Change Component Designator: OldDesignator=R117 NewDesignator=R118
Change Component Designator: OldDesignator=R118 NewDesignator=R119
Change Component Designator: OldDesignator=R119 NewDesignator=R120
Change Component Designator: OldDesignator=R120 NewDesignator=R121
Change Component Designator: OldDesignator=R121 NewDesignator=R122
Change Component Designator: OldDesignator=R122 NewDesignator=R123
Change Component Designator: OldDesignator=R123 NewDesignator=R124
Change Component Designator: OldDesignator=R124 NewDesignator=R125
Change Component Designator: OldDesignator=R125 NewDesignator=R126
Change Component Designator: OldDesignator=R126 NewDesignator=R127
Change Component Designator: OldDesignator=R127 NewDesignator=R128
Change Component Designator: OldDesignator=R128 NewDesignator=R129
Added Component: Designator=R102(RES0402)
Add component (AddParameter): Name = "Supplier 1"; Value = "Digikey"; VariantName = "[No Variations]"
Add component (AddParameter): Name = "Supplier Part Number 1"; Value = "311-0.0JRTR-ND"; VariantName = "[No Variations]"
Added Pin To Net: NetName=VBUS_1 Pin=R102-1
Added Pin To Net: NetName=VBUS_2 Pin=R102-2
Change Net Name : Old Net Name=NetR103_2 New Net Name=NetR104_2
Change Net Name : Old Net Name=NetR107_2 New Net Name=NetR108_2
Change Net Name : Old Net Name=NetR108_2 New Net Name=NetR109_2
Change Net Name : Old Net Name=NetR109_1 New Net Name=NetR110_1
Change Net Name : Old Net Name=NetR113_1 New Net Name=NetR114_1
Change Net Name : Old Net Name=NetR114_1 New Net Name=NetR115_1
Change Net Name : Old Net Name=NetR117_1 New Net Name=NetR118_1
Change Net Name : Old Net Name=NetR117_2 New Net Name=NetR118_2
Change Net Name : Old Net Name=NetR121_1 New Net Name=NetR122_1
Change Net Name : Old Net Name=NetR123_1 New Net Name=NetR124_1
Change Net Name : Old Net Name=NetR128_1 New Net Name=NetR129_1
Change Net Color : Old Net Color=RGB(158, 161, 117) New Net Color=RGB(255, 238, 0)
Added Member To Class: ClassName=SOURCE_POWER Member=Component R129 100k 1%
