Removed Pin From Net: NetName=GND Pin=nRF5340-A5
Removed Pin From Net: NetName=GND Pin=nRF5340-B9
Removed Pin From Net: NetName=GND Pin=nRF5340-K6
Removed Pin From Net: NetName=VBAT Pin=nRF5340-L1
Change Component Designator: OldDesignator=nRF5340 NewDesignator=U200
Change Component Designator: OldDesignator=R106 NewDesignator=R107
Change Component Designator: OldDesignator=R107 NewDesignator=R108
Change Component Designator: OldDesignator=R108 NewDesignator=R109
Change Component Designator: OldDesignator=R109 NewDesignator=R111
Change Component Designator: OldDesignator=R110 NewDesignator=R112
Change Component Designator: OldDesignator=R111 NewDesignator=R113
Change Component Designator: OldDesignator=R112 NewDesignator=R114
Change Component Designator: OldDesignator=R113 NewDesignator=R115
Change Component Designator: OldDesignator=R114 NewDesignator=R116
Change Component Designator: OldDesignator=R115 NewDesignator=R117
Change Component Designator: OldDesignator=R116 NewDesignator=R118
Change Component Designator: OldDesignator=R117 NewDesignator=R119
Change Component Designator: OldDesignator=R118 NewDesignator=R120
Change Component Designator: OldDesignator=R119 NewDesignator=R121
Change Component Designator: OldDesignator=R120 NewDesignator=R122
Change Component Designator: OldDesignator=R121 NewDesignator=R123
Change Component Designator: OldDesignator=R122 NewDesignator=R124
Change Component Designator: OldDesignator=R123 NewDesignator=R125
Change Component Designator: OldDesignator=R124 NewDesignator=R126
Change Component Designator: OldDesignator=R125 NewDesignator=R127
Change Component Designator: OldDesignator=R126 NewDesignator=R128
Change Component Designator: OldDesignator=R127 NewDesignator=R129
Change Component Designator: OldDesignator=R128 NewDesignator=R130
Change Component Designator: OldDesignator=R129 NewDesignator=R131
Added Component: Designator=R106(RES0402)
Add component (AddParameter): Name = "Supplier 1"; Value = "Digikey"; VariantName = "[No Variations]"
Add component (AddParameter): Name = "Supplier Part Number 1"; Value = "311-0.0JRTR-ND"; VariantName = "[No Variations]"
Added Component: Designator=R110(RES0402)
Add component (AddParameter): Name = "Supplier 1"; Value = "Digikey"; VariantName = "[No Variations]"
Add component (AddParameter): Name = "Supplier Part Number 1"; Value = "311-0.0JRTR-ND"; VariantName = "[No Variations]"
Added Pin To Net: NetName=VBAT Pin=R106-1
Added Pin To Net: NetName=GND Pin=R110-2
Change Net Name : Old Net Name=NetR108_2 New Net Name=NetR109_2
Change Net Name : Old Net Name=NetR109_2 New Net Name=NetR111_2
Change Net Name : Old Net Name=NetR110_1 New Net Name=NetR112_1
Change Net Name : Old Net Name=NetR114_1 New Net Name=NetR116_1
Change Net Name : Old Net Name=NetR115_1 New Net Name=NetR117_1
Change Net Name : Old Net Name=NetR118_1 New Net Name=NetR120_1
Change Net Name : Old Net Name=NetR118_2 New Net Name=NetR120_2
Change Net Name : Old Net Name=NetR122_1 New Net Name=NetR124_1
Change Net Name : Old Net Name=NetR124_1 New Net Name=NetR126_1
Change Net Name : Old Net Name=NetR129_1 New Net Name=NetR131_1
Change Net Color : Old Net Color=RGB(158, 161, 117) New Net Color=RGB(110, 110, 255)
Change Net Color : Old Net Color=RGB(158, 161, 117) New Net Color=Yellow
Change Net Color : Old Net Color=RGB(255, 238, 0) New Net Color=Default
Change Net Color : Old Net Color=RGB(158, 161, 117) New Net Color=RGB(110, 110, 255)
Added Pin To Net: NetName=NetR106_2 Pin=R106-2
Added Pin To Net: NetName=NetR106_2 Pin=R110-1
Added Pin To Net: NetName=NetR106_2 Pin=U200-L1
Added Net: Name=NetR106_2
Added Member To Class: ClassName=SOURCE_POWER Member=Component R130 10k 1%
Added Member To Class: ClassName=SOURCE_POWER Member=Component R131 100k 1%
