Added Component: Designator=C100(CAP0402)
Add component (AddParameter): Name = "Supplier 1"; Value = "Digikey"; VariantName = "[No Variations]"
Add component (AddParameter): Name = "Supplier Part Number 1"; Value = "490-6328-6-ND"; VariantName = "[No Variations]"
Added Component: Designator=C101(CAP0402)
Add component (AddParameter): Name = "Supplier 1"; Value = "Digikey"; VariantName = "[No Variations]"
Add component (AddParameter): Name = "Supplier Part Number 1"; Value = "490-6328-6-ND"; VariantName = "[No Variations]"
Added Component: Designator=C102(CAP0402)
Add component (AddParameter): Name = "Supplier 1"; Value = "Digikey"; VariantName = "[No Variations]"
Add component (AddParameter): Name = "Supplier Part Number 1"; Value = "490-6328-6-ND"; VariantName = "[No Variations]"
Added Component: Designator=C103(T491C107K016AT)
Add component (AddParameter): Name = "Supplier 1"; Value = "Digikey"; VariantName = "[No Variations]"
Add component (AddParameter): Name = "Supplier Part Number 1"; Value = "399-5214-1-ND"; VariantName = "[No Variations]"
Added Component: Designator=C104(CAP0402)
Add component (AddParameter): Name = "Supplier 1"; Value = "Digikey"; VariantName = "[No Variations]"
Add component (AddParameter): Name = "Supplier Part Number 1"; Value = "490-6328-6-ND"; VariantName = "[No Variations]"
Added Component: Designator=C105(CAP0402)
Add component (AddParameter): Name = "Supplier 1"; Value = "Digikey"; VariantName = "[No Variations]"
Add component (AddParameter): Name = "Supplier Part Number 1"; Value = "490-6328-6-ND"; VariantName = "[No Variations]"
Added Component: Designator=C106(CAP0402)
Add component (AddParameter): Name = "Supplier 1"; Value = "Digikey"; VariantName = "[No Variations]"
Add component (AddParameter): Name = "Supplier Part Number 1"; Value = "490-6328-6-ND"; VariantName = "[No Variations]"
Added Component: Designator=C107(CAP0402)
Add component (AddParameter): Name = "Supplier 1"; Value = "Digikey"; VariantName = "[No Variations]"
Add component (AddParameter): Name = "Supplier Part Number 1"; Value = "490-6328-6-ND"; VariantName = "[No Variations]"
Added Component: Designator=C108(CAP0402)
Add component (AddParameter): Name = "Supplier 1"; Value = "Digikey"; VariantName = "[No Variations]"
Add component (AddParameter): Name = "Supplier Part Number 1"; Value = "490-6328-6-ND"; VariantName = "[No Variations]"
Added Component: Designator=C109(CAP0402)
Add component (AddParameter): Name = "Supplier 1"; Value = "Digikey"; VariantName = "[No Variations]"
Add component (AddParameter): Name = "Supplier Part Number 1"; Value = "490-6328-6-ND"; VariantName = "[No Variations]"
Added Component: Designator=C110(CAP0402)
Add component (AddParameter): Name = "Supplier 1"; Value = "Digikey"; VariantName = "[No Variations]"
Add component (AddParameter): Name = "Supplier Part Number 1"; Value = "490-6328-6-ND"; VariantName = "[No Variations]"
Added Component: Designator=C111(CAP0402)
Add component (AddParameter): Name = "Supplier 1"; Value = "Digikey"; VariantName = "[No Variations]"
Add component (AddParameter): Name = "Supplier Part Number 1"; Value = "490-6328-6-ND"; VariantName = "[No Variations]"
Added Component: Designator=C112(CAP0402)
Add component (AddParameter): Name = "Supplier 1"; Value = "Digikey"; VariantName = "[No Variations]"
Add component (AddParameter): Name = "Supplier Part Number 1"; Value = "490-6328-6-ND"; VariantName = "[No Variations]"
Added Component: Designator=C113(CAP0402)
Add component (AddParameter): Name = "Supplier 1"; Value = "Digikey"; VariantName = "[No Variations]"
Add component (AddParameter): Name = "Supplier Part Number 1"; Value = "490-6328-6-ND"; VariantName = "[No Variations]"
Added Component: Designator=C114(CAP0402)
Add component (AddParameter): Name = "Supplier 1"; Value = "Digikey"; VariantName = "[No Variations]"
Add component (AddParameter): Name = "Supplier Part Number 1"; Value = "490-6328-6-ND"; VariantName = "[No Variations]"
Added Component: Designator=C115(CAP0402)
Add component (AddParameter): Name = "Supplier 1"; Value = "Digikey"; VariantName = "[No Variations]"
Add component (AddParameter): Name = "Supplier Part Number 1"; Value = "490-6328-6-ND"; VariantName = "[No Variations]"
Added Component: Designator=C116(CAP0402)
Add component (AddParameter): Name = "Supplier 1"; Value = "Digikey"; VariantName = "[No Variations]"
Add component (AddParameter): Name = "Supplier Part Number 1"; Value = "490-6328-6-ND"; VariantName = "[No Variations]"
Added Component: Designator=C117(CAP0402)
Add component (AddParameter): Name = "Supplier 1"; Value = "Digikey"; VariantName = "[No Variations]"
Add component (AddParameter): Name = "Supplier Part Number 1"; Value = "490-6328-6-ND"; VariantName = "[No Variations]"
Added Component: Designator=C118(CAP0402)
Add component (AddParameter): Name = "Supplier 1"; Value = "Digikey"; VariantName = "[No Variations]"
Add component (AddParameter): Name = "Supplier Part Number 1"; Value = "490-6328-6-ND"; VariantName = "[No Variations]"
Added Component: Designator=C119(CAP0402)
Add component (AddParameter): Name = "Supplier 1"; Value = "Digikey"; VariantName = "[No Variations]"
Add component (AddParameter): Name = "Supplier Part Number 1"; Value = "490-6328-6-ND"; VariantName = "[No Variations]"
Added Component: Designator=C120(CAP0402)
Add component (AddParameter): Name = "Supplier 1"; Value = "Digikey"; VariantName = "[No Variations]"
Add component (AddParameter): Name = "Supplier Part Number 1"; Value = "490-6328-6-ND"; VariantName = "[No Variations]"
Added Component: Designator=C121(CAP0402)
Add component (AddParameter): Name = "Supplier 1"; Value = "Digikey"; VariantName = "[No Variations]"
Add component (AddParameter): Name = "Supplier Part Number 1"; Value = "490-6328-6-ND"; VariantName = "[No Variations]"
Added Component: Designator=C300(CAP0402)
Add component (AddParameter): Name = "Supplier 1"; Value = "Digikey"; VariantName = "[No Variations]"
Add component (AddParameter): Name = "Supplier Part Number 1"; Value = "490-6328-6-ND"; VariantName = "[No Variations]"
Added Component: Designator=C301(CAP0402)
Add component (AddParameter): Name = "Supplier 1"; Value = "Digikey"; VariantName = "[No Variations]"
Add component (AddParameter): Name = "Supplier Part Number 1"; Value = "490-6328-6-ND"; VariantName = "[No Variations]"
Added Component: Designator=C302(CAP0402)
Add component (AddParameter): Name = "Supplier 1"; Value = "Digikey"; VariantName = "[No Variations]"
Add component (AddParameter): Name = "Supplier Part Number 1"; Value = "490-6328-6-ND"; VariantName = "[No Variations]"
Added Component: Designator=C303(CAP0402)
Add component (AddParameter): Name = "Supplier 1"; Value = "Digikey"; VariantName = "[No Variations]"
Add component (AddParameter): Name = "Supplier Part Number 1"; Value = "490-6328-6-ND"; VariantName = "[No Variations]"
Added Component: Designator=C304(CAP0402)
Add component (AddParameter): Name = "Supplier 1"; Value = "Digikey"; VariantName = "[No Variations]"
Add component (AddParameter): Name = "Supplier Part Number 1"; Value = "490-6328-6-ND"; VariantName = "[No Variations]"
Added Component: Designator=C305(CAP0402)
Add component (AddParameter): Name = "Supplier 1"; Value = "Digikey"; VariantName = "[No Variations]"
Add component (AddParameter): Name = "Supplier Part Number 1"; Value = "490-6328-6-ND"; VariantName = "[No Variations]"
Added Component: Designator=C306(CAP0402)
Add component (AddParameter): Name = "Supplier 1"; Value = "Digikey"; VariantName = "[No Variations]"
Add component (AddParameter): Name = "Supplier Part Number 1"; Value = "490-6328-6-ND"; VariantName = "[No Variations]"
Added Component: Designator=C307(CAP0402)
Add component (AddParameter): Name = "Supplier 1"; Value = "Digikey"; VariantName = "[No Variations]"
Add component (AddParameter): Name = "Supplier Part Number 1"; Value = "490-6328-6-ND"; VariantName = "[No Variations]"
Added Component: Designator=C308(CAP0402)
Add component (AddParameter): Name = "Supplier 1"; Value = "Digikey"; VariantName = "[No Variations]"
Add component (AddParameter): Name = "Supplier Part Number 1"; Value = "490-6328-6-ND"; VariantName = "[No Variations]"
Added Component: Designator=C309(CAP0402)
Add component (AddParameter): Name = "Supplier 1"; Value = "Digikey"; VariantName = "[No Variations]"
Add component (AddParameter): Name = "Supplier Part Number 1"; Value = "490-6328-6-ND"; VariantName = "[No Variations]"
Added Component: Designator=C310(CAP0402)
Add component (AddParameter): Name = "Supplier 1"; Value = "Digikey"; VariantName = "[No Variations]"
Add component (AddParameter): Name = "Supplier Part Number 1"; Value = "490-6328-6-ND"; VariantName = "[No Variations]"
Added Component: Designator=C311(CAP0402)
Add component (AddParameter): Name = "Supplier 1"; Value = "Digikey"; VariantName = "[No Variations]"
Add component (AddParameter): Name = "Supplier Part Number 1"; Value = "490-6328-6-ND"; VariantName = "[No Variations]"
Added Component: Designator=C312(CAP0402)
Add component (AddParameter): Name = "Supplier 1"; Value = "Digikey"; VariantName = "[No Variations]"
Add component (AddParameter): Name = "Supplier Part Number 1"; Value = "490-6328-6-ND"; VariantName = "[No Variations]"
Added Component: Designator=C313(CAP0402)
Add component (AddParameter): Name = "Supplier 1"; Value = "Digikey"; VariantName = "[No Variations]"
Add component (AddParameter): Name = "Supplier Part Number 1"; Value = "490-6328-6-ND"; VariantName = "[No Variations]"
Added Component: Designator=C314(CAP0402)
Add component (AddParameter): Name = "Supplier 1"; Value = "Digikey"; VariantName = "[No Variations]"
Add component (AddParameter): Name = "Supplier Part Number 1"; Value = "490-6328-6-ND"; VariantName = "[No Variations]"
Added Component: Designator=C315(CAP0402)
Add component (AddParameter): Name = "Supplier 1"; Value = "Digikey"; VariantName = "[No Variations]"
Add component (AddParameter): Name = "Supplier Part Number 1"; Value = "490-6328-6-ND"; VariantName = "[No Variations]"
Added Component: Designator=C316(CAP0402)
Add component (AddParameter): Name = "Supplier 1"; Value = "Digikey"; VariantName = "[No Variations]"
Add component (AddParameter): Name = "Supplier Part Number 1"; Value = "490-6328-6-ND"; VariantName = "[No Variations]"
Added Component: Designator=C317(CAP0402)
Add component (AddParameter): Name = "Supplier 1"; Value = "Digikey"; VariantName = "[No Variations]"
Add component (AddParameter): Name = "Supplier Part Number 1"; Value = "490-6328-6-ND"; VariantName = "[No Variations]"
Added Component: Designator=C318(CAP0402)
Add component (AddParameter): Name = "Supplier 1"; Value = "Digikey"; VariantName = "[No Variations]"
Add component (AddParameter): Name = "Supplier Part Number 1"; Value = "490-6328-6-ND"; VariantName = "[No Variations]"
Added Component: Designator=C319(CAP0402)
Add component (AddParameter): Name = "Supplier 1"; Value = "Digikey"; VariantName = "[No Variations]"
Add component (AddParameter): Name = "Supplier Part Number 1"; Value = "490-6328-6-ND"; VariantName = "[No Variations]"
Added Component: Designator=C320(CAP0402)
Add component (AddParameter): Name = "Supplier 1"; Value = "Digikey"; VariantName = "[No Variations]"
Add component (AddParameter): Name = "Supplier Part Number 1"; Value = "490-6328-6-ND"; VariantName = "[No Variations]"
Added Component: Designator=C321(CAP0402)
Add component (AddParameter): Name = "Supplier 1"; Value = "Digikey"; VariantName = "[No Variations]"
Add component (AddParameter): Name = "Supplier Part Number 1"; Value = "490-6328-6-ND"; VariantName = "[No Variations]"
Added Component: Designator=C322(CAP0402)
Add component (AddParameter): Name = "Supplier 1"; Value = "Digikey"; VariantName = "[No Variations]"
Add component (AddParameter): Name = "Supplier Part Number 1"; Value = "490-6328-6-ND"; VariantName = "[No Variations]"
Added Component: Designator=C323(CAP0402)
Add component (AddParameter): Name = "Supplier 1"; Value = "Digikey"; VariantName = "[No Variations]"
Add component (AddParameter): Name = "Supplier Part Number 1"; Value = "490-6328-6-ND"; VariantName = "[No Variations]"
Added Component: Designator=C324(CAP0402)
Add component (AddParameter): Name = "Supplier 1"; Value = "Digikey"; VariantName = "[No Variations]"
Add component (AddParameter): Name = "Supplier Part Number 1"; Value = "490-6328-6-ND"; VariantName = "[No Variations]"
Added Component: Designator=C325(CAP0402)
Add component (AddParameter): Name = "Supplier 1"; Value = "Digikey"; VariantName = "[No Variations]"
Add component (AddParameter): Name = "Supplier Part Number 1"; Value = "490-6328-6-ND"; VariantName = "[No Variations]"
Added Component: Designator=C326(CAP0402)
Add component (AddParameter): Name = "Supplier 1"; Value = "Digikey"; VariantName = "[No Variations]"
Add component (AddParameter): Name = "Supplier Part Number 1"; Value = "490-6328-6-ND"; VariantName = "[No Variations]"
Added Component: Designator=C327(CAP0402)
Add component (AddParameter): Name = "Supplier 1"; Value = "Digikey"; VariantName = "[No Variations]"
Add component (AddParameter): Name = "Supplier Part Number 1"; Value = "490-6328-6-ND"; VariantName = "[No Variations]"
Added Component: Designator=C328(CAP0402)
Add component (AddParameter): Name = "Supplier 1"; Value = "Digikey"; VariantName = "[No Variations]"
Add component (AddParameter): Name = "Supplier Part Number 1"; Value = "490-6328-6-ND"; VariantName = "[No Variations]"
Added Component: Designator=C329(CAP0402)
Add component (AddParameter): Name = "Supplier 1"; Value = "Digikey"; VariantName = "[No Variations]"
Add component (AddParameter): Name = "Supplier Part Number 1"; Value = "490-6328-6-ND"; VariantName = "[No Variations]"
Added Component: Designator=C330(CAP0402)
Add component (AddParameter): Name = "Supplier 1"; Value = "Digikey"; VariantName = "[No Variations]"
Add component (AddParameter): Name = "Supplier Part Number 1"; Value = "490-6328-6-ND"; VariantName = "[No Variations]"
Added Component: Designator=C331(CAP0402)
Add component (AddParameter): Name = "Supplier 1"; Value = "Digikey"; VariantName = "[No Variations]"
Add component (AddParameter): Name = "Supplier Part Number 1"; Value = "490-6328-6-ND"; VariantName = "[No Variations]"
Added Component: Designator=C332(CAP0402)
Add component (AddParameter): Name = "Supplier 1"; Value = "Digikey"; VariantName = "[No Variations]"
Add component (AddParameter): Name = "Supplier Part Number 1"; Value = "490-6328-6-ND"; VariantName = "[No Variations]"
Added Component: Designator=C333(CAP0402)
Add component (AddParameter): Name = "Supplier 1"; Value = "Digikey"; VariantName = "[No Variations]"
Add component (AddParameter): Name = "Supplier Part Number 1"; Value = "490-6328-6-ND"; VariantName = "[No Variations]"
Added Component: Designator=C334(CAP0402)
Add component (AddParameter): Name = "Supplier 1"; Value = "Digikey"; VariantName = "[No Variations]"
Add component (AddParameter): Name = "Supplier Part Number 1"; Value = "490-6328-6-ND"; VariantName = "[No Variations]"
Added Component: Designator=C335(CAP0402)
Add component (AddParameter): Name = "Supplier 1"; Value = "Digikey"; VariantName = "[No Variations]"
Add component (AddParameter): Name = "Supplier Part Number 1"; Value = "490-6328-6-ND"; VariantName = "[No Variations]"
Added Component: Designator=C336(CAP0402)
Add component (AddParameter): Name = "Supplier 1"; Value = "Digikey"; VariantName = "[No Variations]"
Add component (AddParameter): Name = "Supplier Part Number 1"; Value = "490-6328-6-ND"; VariantName = "[No Variations]"
Added Component: Designator=C337(CAP0402)
Add component (AddParameter): Name = "Supplier 1"; Value = "Digikey"; VariantName = "[No Variations]"
Add component (AddParameter): Name = "Supplier Part Number 1"; Value = "490-6328-6-ND"; VariantName = "[No Variations]"
Added Component: Designator=C338(CAP0402)
Add component (AddParameter): Name = "Supplier 1"; Value = "Digikey"; VariantName = "[No Variations]"
Add component (AddParameter): Name = "Supplier Part Number 1"; Value = "490-6328-6-ND"; VariantName = "[No Variations]"
Added Component: Designator=C339(CAP0402)
Add component (AddParameter): Name = "Supplier 1"; Value = "Digikey"; VariantName = "[No Variations]"
Add component (AddParameter): Name = "Supplier Part Number 1"; Value = "490-6328-6-ND"; VariantName = "[No Variations]"
Added Component: Designator=C340(CAP0402)
Add component (AddParameter): Name = "Supplier 1"; Value = "Digikey"; VariantName = "[No Variations]"
Add component (AddParameter): Name = "Supplier Part Number 1"; Value = "490-6328-6-ND"; VariantName = "[No Variations]"
Added Component: Designator=C341(CAP0402)
Add component (AddParameter): Name = "Supplier 1"; Value = "Digikey"; VariantName = "[No Variations]"
Add component (AddParameter): Name = "Supplier Part Number 1"; Value = "490-6328-6-ND"; VariantName = "[No Variations]"
Added Component: Designator=C342(CAP0402)
Add component (AddParameter): Name = "Supplier 1"; Value = "Digikey"; VariantName = "[No Variations]"
Add component (AddParameter): Name = "Supplier Part Number 1"; Value = "490-6328-6-ND"; VariantName = "[No Variations]"
Added Component: Designator=D300(DESD3V3S1BL-7B)
Add component (AddParameter): Name = "Supplier 1"; Value = "Digikey"; VariantName = "[No Variations]"
Add component (AddParameter): Name = "Supplier Part Number 1"; Value = "DESD3V3S1BL-7BDICT-ND"; VariantName = "[No Variations]"
Added Component: Designator=D301(DESD3V3S1BL-7B)
Add component (AddParameter): Name = "Supplier 1"; Value = "Digikey"; VariantName = "[No Variations]"
Add component (AddParameter): Name = "Supplier Part Number 1"; Value = "DESD3V3S1BL-7BDICT-ND"; VariantName = "[No Variations]"
Added Component: Designator=D302(DESD3V3S1BL-7B)
Add component (AddParameter): Name = "Supplier 1"; Value = "Digikey"; VariantName = "[No Variations]"
Add component (AddParameter): Name = "Supplier Part Number 1"; Value = "DESD3V3S1BL-7BDICT-ND"; VariantName = "[No Variations]"
Added Component: Designator=D303(DESD3V3S1BL-7B)
Add component (AddParameter): Name = "Supplier 1"; Value = "Digikey"; VariantName = "[No Variations]"
Add component (AddParameter): Name = "Supplier Part Number 1"; Value = "DESD3V3S1BL-7BDICT-ND"; VariantName = "[No Variations]"
Added Component: Designator=D304(DESD3V3S1BL-7B)
Add component (AddParameter): Name = "Supplier 1"; Value = "Digikey"; VariantName = "[No Variations]"
Add component (AddParameter): Name = "Supplier Part Number 1"; Value = "DESD3V3S1BL-7BDICT-ND"; VariantName = "[No Variations]"
Added Component: Designator=D305(DESD3V3S1BL-7B)
Add component (AddParameter): Name = "Supplier 1"; Value = "Digikey"; VariantName = "[No Variations]"
Add component (AddParameter): Name = "Supplier Part Number 1"; Value = "DESD3V3S1BL-7BDICT-ND"; VariantName = "[No Variations]"
Added Component: Designator=D306(DESD3V3S1BL-7B)
Add component (AddParameter): Name = "Supplier 1"; Value = "Digikey"; VariantName = "[No Variations]"
Add component (AddParameter): Name = "Supplier Part Number 1"; Value = "DESD3V3S1BL-7BDICT-ND"; VariantName = "[No Variations]"
Added Component: Designator=D307(DESD3V3S1BL-7B)
Add component (AddParameter): Name = "Supplier 1"; Value = "Digikey"; VariantName = "[No Variations]"
Add component (AddParameter): Name = "Supplier Part Number 1"; Value = "DESD3V3S1BL-7BDICT-ND"; VariantName = "[No Variations]"
Added Component: Designator=D308(DESD3V3S1BL-7B)
Add component (AddParameter): Name = "Supplier 1"; Value = "Digikey"; VariantName = "[No Variations]"
Add component (AddParameter): Name = "Supplier Part Number 1"; Value = "DESD3V3S1BL-7BDICT-ND"; VariantName = "[No Variations]"
Added Component: Designator=DB300(6E17C-015S-AJ-120)
Add component (AddParameter): Name = "Supplier 1"; Value = "Digikey"; VariantName = "[No Variations]"
Add component (AddParameter): Name = "Supplier Part Number 1"; Value = "6E17C-015S-AJ-120-ND"; VariantName = "[No Variations]"
Added Component: Designator=FB100(FB0402)
Add component (AddParameter): Name = "Supplier 1"; Value = "Digikey"; VariantName = "[No Variations]"
Add component (AddParameter): Name = "Supplier Part Number 1"; Value = "490-5200-1-ND"; VariantName = "[No Variations]"
Added Component: Designator=FB101(FB0402)
Add component (AddParameter): Name = "Supplier 1"; Value = "Digikey"; VariantName = "[No Variations]"
Add component (AddParameter): Name = "Supplier Part Number 1"; Value = "490-5200-1-ND"; VariantName = "[No Variations]"
Added Component: Designator=H100(Header 2P DC 2.54)
Add component (AddParameter): Name = "Chung_Loai"; Value = "C?m"; VariantName = "[No Variations]"
Add component (AddParameter): Name = "Don_Vi"; Value = "Con"; VariantName = "[No Variations]"
Add component (AddParameter): Name = "Ghi_Chu"; Value = ""; VariantName = "[No Variations]"
Add component (AddParameter): Name = "Kieu_Chan"; Value = ""; VariantName = "[No Variations]"
Add component (AddParameter): Name = "Ma_Hang"; Value = "MH002852"; VariantName = "[No Variations]"
Add component (AddParameter): Name = "Ten_Linh_Kien"; Value = "Header 2P XH2.54-2P Ð?c Cong"; VariantName = "[No Variations]"
Added Component: Designator=L100(VLS2012ET-1R0N-CA)
Add component (AddParameter): Name = "Supplier 1"; Value = "Digikey"; VariantName = "[No Variations]"
Add component (AddParameter): Name = "Supplier Part Number 1"; Value = "445-172980-1-ND"; VariantName = "[No Variations]"
Added Component: Designator=L300(MLZ1608N100LTD25)
Add component (AddParameter): Name = "Supplier 1"; Value = "Digikey"; VariantName = "[No Variations]"
Add component (AddParameter): Name = "Supplier Part Number 1"; Value = "445-17067-1-ND"; VariantName = "[No Variations]"
Added Component: Designator=L301(MLZ1608N100LTD25)
Add component (AddParameter): Name = "Supplier 1"; Value = "Digikey"; VariantName = "[No Variations]"
Add component (AddParameter): Name = "Supplier Part Number 1"; Value = "445-17067-1-ND"; VariantName = "[No Variations]"
Added Component: Designator=R100(RES0402)
Add component (AddParameter): Name = "Supplier 1"; Value = "Digikey"; VariantName = "[No Variations]"
Add component (AddParameter): Name = "Supplier Part Number 1"; Value = "311-0.0JRTR-ND"; VariantName = "[No Variations]"
Added Component: Designator=R101(RES0402)
Add component (AddParameter): Name = "Supplier 1"; Value = "Digikey"; VariantName = "[No Variations]"
Add component (AddParameter): Name = "Supplier Part Number 1"; Value = "311-0.0JRTR-ND"; VariantName = "[No Variations]"
Added Component: Designator=R102(RES0402)
Add component (AddParameter): Name = "Supplier 1"; Value = "Digikey"; VariantName = "[No Variations]"
Add component (AddParameter): Name = "Supplier Part Number 1"; Value = "311-0.0JRTR-ND"; VariantName = "[No Variations]"
Added Component: Designator=R103(RES0402)
Add component (AddParameter): Name = "Supplier 1"; Value = "Digikey"; VariantName = "[No Variations]"
Add component (AddParameter): Name = "Supplier Part Number 1"; Value = "311-0.0JRTR-ND"; VariantName = "[No Variations]"
Added Component: Designator=R104(RES0402)
Add component (AddParameter): Name = "Supplier 1"; Value = "Digikey"; VariantName = "[No Variations]"
Add component (AddParameter): Name = "Supplier Part Number 1"; Value = "311-0.0JRTR-ND"; VariantName = "[No Variations]"
Added Component: Designator=R105(RES0402)
Add component (AddParameter): Name = "Supplier 1"; Value = "Digikey"; VariantName = "[No Variations]"
Add component (AddParameter): Name = "Supplier Part Number 1"; Value = "311-1.00KLRDKR-ND"; VariantName = "[No Variations]"
Added Component: Designator=R106(RES0402)
Add component (AddParameter): Name = "Supplier 1"; Value = "Digikey"; VariantName = "[No Variations]"
Add component (AddParameter): Name = "Supplier Part Number 1"; Value = "311-1.00KLRDKR-ND"; VariantName = "[No Variations]"
Added Component: Designator=R107(RES0402)
Add component (AddParameter): Name = "Supplier 1"; Value = "Digikey"; VariantName = "[No Variations]"
Add component (AddParameter): Name = "Supplier Part Number 1"; Value = "311-0.0JRTR-ND"; VariantName = "[No Variations]"
Added Component: Designator=R108(RES0402)
Add component (AddParameter): Name = "Supplier 1"; Value = "Digikey"; VariantName = "[No Variations]"
Add component (AddParameter): Name = "Supplier Part Number 1"; Value = "311-0.0JRTR-ND"; VariantName = "[No Variations]"
Added Component: Designator=R109(RES0402)
Add component (AddParameter): Name = "Supplier 1"; Value = "Digikey"; VariantName = "[No Variations]"
Add component (AddParameter): Name = "Supplier Part Number 1"; Value = "311-0.0JRTR-ND"; VariantName = "[No Variations]"
Added Component: Designator=R110(RES0402)
Add component (AddParameter): Name = "Supplier 1"; Value = "Digikey"; VariantName = "[No Variations]"
Add component (AddParameter): Name = "Supplier Part Number 1"; Value = "311-0.0JRTR-ND"; VariantName = "[No Variations]"
Added Component: Designator=R111(RES0402)
Add component (AddParameter): Name = "Supplier 1"; Value = "Digikey"; VariantName = "[No Variations]"
Add component (AddParameter): Name = "Supplier Part Number 1"; Value = "311-0.0JRTR-ND"; VariantName = "[No Variations]"
Added Component: Designator=R112(RES0402)
Add component (AddParameter): Name = "Supplier 1"; Value = "Digikey"; VariantName = "[No Variations]"
Add component (AddParameter): Name = "Supplier Part Number 1"; Value = "311-0.0JRTR-ND"; VariantName = "[No Variations]"
Added Component: Designator=R113(RES0402)
Add component (AddParameter): Name = "Supplier 1"; Value = "Digikey"; VariantName = "[No Variations]"
Add component (AddParameter): Name = "Supplier Part Number 1"; Value = "311-0.0JRTR-ND"; VariantName = "[No Variations]"
Added Component: Designator=R114(RES0402)
Add component (AddParameter): Name = "Supplier 1"; Value = "Digikey"; VariantName = "[No Variations]"
Add component (AddParameter): Name = "Supplier Part Number 1"; Value = "311-0.0JRTR-ND"; VariantName = "[No Variations]"
Added Component: Designator=R115(RES0402)
Add component (AddParameter): Name = "Supplier 1"; Value = "Digikey"; VariantName = "[No Variations]"
Add component (AddParameter): Name = "Supplier Part Number 1"; Value = "311-0.0JRTR-ND"; VariantName = "[No Variations]"
Added Component: Designator=R116(RES0402)
Add component (AddParameter): Name = "Supplier 1"; Value = "Digikey"; VariantName = "[No Variations]"
Add component (AddParameter): Name = "Supplier Part Number 1"; Value = "311-0.0JRTR-ND"; VariantName = "[No Variations]"
Added Component: Designator=R117(RES0402)
Add component (AddParameter): Name = "Supplier 1"; Value = "Digikey"; VariantName = "[No Variations]"
Add component (AddParameter): Name = "Supplier Part Number 1"; Value = "311-0.0JRTR-ND"; VariantName = "[No Variations]"
Added Component: Designator=R118(RES0402)
Add component (AddParameter): Name = "Supplier 1"; Value = "Digikey"; VariantName = "[No Variations]"
Add component (AddParameter): Name = "Supplier Part Number 1"; Value = "311-0.0JRTR-ND"; VariantName = "[No Variations]"
Added Component: Designator=R119(RES0402)
Add component (AddParameter): Name = "Supplier 1"; Value = "Digikey"; VariantName = "[No Variations]"
Add component (AddParameter): Name = "Supplier Part Number 1"; Value = "311-1.00KLRDKR-ND"; VariantName = "[No Variations]"
Added Component: Designator=R120(RES0402)
Add component (AddParameter): Name = "Supplier 1"; Value = "Digikey"; VariantName = "[No Variations]"
Add component (AddParameter): Name = "Supplier Part Number 1"; Value = "311-1.00KLRDKR-ND"; VariantName = "[No Variations]"
Added Component: Designator=R121(RES0402)
Add component (AddParameter): Name = "Supplier 1"; Value = "Digikey"; VariantName = "[No Variations]"
Add component (AddParameter): Name = "Supplier Part Number 1"; Value = "311-1.00KLRDKR-ND"; VariantName = "[No Variations]"
Added Component: Designator=R122(RES0402)
Add component (AddParameter): Name = "Supplier 1"; Value = "Digikey"; VariantName = "[No Variations]"
Add component (AddParameter): Name = "Supplier Part Number 1"; Value = "311-1.00KLRDKR-ND"; VariantName = "[No Variations]"
Added Component: Designator=R123(RES0402)
Add component (AddParameter): Name = "Supplier 1"; Value = "Digikey"; VariantName = "[No Variations]"
Add component (AddParameter): Name = "Supplier Part Number 1"; Value = "311-1.00KLRDKR-ND"; VariantName = "[No Variations]"
Added Component: Designator=R300(RES0402)
Add component (AddParameter): Name = "Supplier 1"; Value = "Digikey"; VariantName = "[No Variations]"
Add component (AddParameter): Name = "Supplier Part Number 1"; Value = "311-0.0JRTR-ND"; VariantName = "[No Variations]"
Added Component: Designator=R301(RES0402)
Add component (AddParameter): Name = "Supplier 1"; Value = "Digikey"; VariantName = "[No Variations]"
Add component (AddParameter): Name = "Supplier Part Number 1"; Value = "311-0.0JRTR-ND"; VariantName = "[No Variations]"
Added Component: Designator=R302(RES0402)
Add component (AddParameter): Name = "Supplier 1"; Value = "Digikey"; VariantName = "[No Variations]"
Add component (AddParameter): Name = "Supplier Part Number 1"; Value = "311-0.0JRTR-ND"; VariantName = "[No Variations]"
Added Component: Designator=R303(RES0402)
Add component (AddParameter): Name = "Supplier 1"; Value = "Digikey"; VariantName = "[No Variations]"
Add component (AddParameter): Name = "Supplier Part Number 1"; Value = "311-0.0JRTR-ND"; VariantName = "[No Variations]"
Added Component: Designator=R304(RES0402)
Add component (AddParameter): Name = "Supplier 1"; Value = "Digikey"; VariantName = "[No Variations]"
Add component (AddParameter): Name = "Supplier Part Number 1"; Value = "311-1.00KLRDKR-ND"; VariantName = "[No Variations]"
Added Component: Designator=R305(RES0402)
Add component (AddParameter): Name = "Supplier 1"; Value = "Digikey"; VariantName = "[No Variations]"
Add component (AddParameter): Name = "Supplier Part Number 1"; Value = "311-1.00KLRDKR-ND"; VariantName = "[No Variations]"
Added Component: Designator=R306(RES0402)
Add component (AddParameter): Name = "Supplier 1"; Value = "Digikey"; VariantName = "[No Variations]"
Add component (AddParameter): Name = "Supplier Part Number 1"; Value = "311-1.00KLRDKR-ND"; VariantName = "[No Variations]"
Added Component: Designator=R307(RES0402)
Add component (AddParameter): Name = "Supplier 1"; Value = "Digikey"; VariantName = "[No Variations]"
Add component (AddParameter): Name = "Supplier Part Number 1"; Value = "311-1.00KLRDKR-ND"; VariantName = "[No Variations]"
Added Component: Designator=R308(RES0402)
Add component (AddParameter): Name = "Supplier 1"; Value = "Digikey"; VariantName = "[No Variations]"
Add component (AddParameter): Name = "Supplier Part Number 1"; Value = "311-1.00KLRDKR-ND"; VariantName = "[No Variations]"
Added Component: Designator=R309(RES0402)
Add component (AddParameter): Name = "Supplier 1"; Value = "Digikey"; VariantName = "[No Variations]"
Add component (AddParameter): Name = "Supplier Part Number 1"; Value = "311-1.00KLRDKR-ND"; VariantName = "[No Variations]"
Added Component: Designator=R310(RES0402)
Add component (AddParameter): Name = "Supplier 1"; Value = "Digikey"; VariantName = "[No Variations]"
Add component (AddParameter): Name = "Supplier Part Number 1"; Value = "311-0.0JRTR-ND"; VariantName = "[No Variations]"
Added Component: Designator=R311(RES0402)
Add component (AddParameter): Name = "Supplier 1"; Value = "Digikey"; VariantName = "[No Variations]"
Add component (AddParameter): Name = "Supplier Part Number 1"; Value = "311-1.00KLRDKR-ND"; VariantName = "[No Variations]"
Added Component: Designator=R312(RES0402)
Add component (AddParameter): Name = "Supplier 1"; Value = "Digikey"; VariantName = "[No Variations]"
Add component (AddParameter): Name = "Supplier Part Number 1"; Value = "311-0.0JRTR-ND"; VariantName = "[No Variations]"
Added Component: Designator=R313(RES0402)
Add component (AddParameter): Name = "Supplier 1"; Value = "Digikey"; VariantName = "[No Variations]"
Add component (AddParameter): Name = "Supplier Part Number 1"; Value = "311-1.00KLRDKR-ND"; VariantName = "[No Variations]"
Added Component: Designator=R314(RES0402)
Add component (AddParameter): Name = "Supplier 1"; Value = "Digikey"; VariantName = "[No Variations]"
Add component (AddParameter): Name = "Supplier Part Number 1"; Value = "311-1.00KLRDKR-ND"; VariantName = "[No Variations]"
Added Component: Designator=R315(RES0402)
Add component (AddParameter): Name = "Supplier 1"; Value = "Digikey"; VariantName = "[No Variations]"
Add component (AddParameter): Name = "Supplier Part Number 1"; Value = "311-1.00KLRDKR-ND"; VariantName = "[No Variations]"
Added Component: Designator=R316(RES0402)
Add component (AddParameter): Name = "Supplier 1"; Value = "Digikey"; VariantName = "[No Variations]"
Add component (AddParameter): Name = "Supplier Part Number 1"; Value = "311-0.0JRTR-ND"; VariantName = "[No Variations]"
Added Component: Designator=R317(RES0402)
Add component (AddParameter): Name = "Supplier 1"; Value = "Digikey"; VariantName = "[No Variations]"
Add component (AddParameter): Name = "Supplier Part Number 1"; Value = "311-0.0JRTR-ND"; VariantName = "[No Variations]"
Added Component: Designator=R318(RES0402)
Add component (AddParameter): Name = "Supplier 1"; Value = "Digikey"; VariantName = "[No Variations]"
Add component (AddParameter): Name = "Supplier Part Number 1"; Value = "311-1.00KLRDKR-ND"; VariantName = "[No Variations]"
Added Component: Designator=R319(RES0402)
Add component (AddParameter): Name = "Supplier 1"; Value = "Digikey"; VariantName = "[No Variations]"
Add component (AddParameter): Name = "Supplier Part Number 1"; Value = "311-1.00KLRDKR-ND"; VariantName = "[No Variations]"
Added Component: Designator=R320(RES0402)
Add component (AddParameter): Name = "Supplier 1"; Value = "Digikey"; VariantName = "[No Variations]"
Add component (AddParameter): Name = "Supplier Part Number 1"; Value = "311-0.0JRTR-ND"; VariantName = "[No Variations]"
Added Component: Designator=R321(RES0402)
Add component (AddParameter): Name = "Supplier 1"; Value = "Digikey"; VariantName = "[No Variations]"
Add component (AddParameter): Name = "Supplier Part Number 1"; Value = "311-0.0JRTR-ND"; VariantName = "[No Variations]"
Added Component: Designator=R322(RES0402)
Add component (AddParameter): Name = "Supplier 1"; Value = "Digikey"; VariantName = "[No Variations]"
Add component (AddParameter): Name = "Supplier Part Number 1"; Value = "311-1.00KLRDKR-ND"; VariantName = "[No Variations]"
Added Component: Designator=R323(RES0402)
Add component (AddParameter): Name = "Supplier 1"; Value = "Digikey"; VariantName = "[No Variations]"
Add component (AddParameter): Name = "Supplier Part Number 1"; Value = "311-1.00KLRDKR-ND"; VariantName = "[No Variations]"
Added Component: Designator=R324(RES0402)
Add component (AddParameter): Name = "Supplier 1"; Value = "Digikey"; VariantName = "[No Variations]"
Add component (AddParameter): Name = "Supplier Part Number 1"; Value = "311-1.00KLRDKR-ND"; VariantName = "[No Variations]"
Added Component: Designator=R325(RES0402)
Add component (AddParameter): Name = "Supplier 1"; Value = "Digikey"; VariantName = "[No Variations]"
Add component (AddParameter): Name = "Supplier Part Number 1"; Value = "311-1.00KLRDKR-ND"; VariantName = "[No Variations]"
Added Component: Designator=R326(RES0402)
Add component (AddParameter): Name = "Supplier 1"; Value = "Digikey"; VariantName = "[No Variations]"
Add component (AddParameter): Name = "Supplier Part Number 1"; Value = "311-1.00KLRDKR-ND"; VariantName = "[No Variations]"
Added Component: Designator=R327(RES0402)
Add component (AddParameter): Name = "Supplier 1"; Value = "Digikey"; VariantName = "[No Variations]"
Add component (AddParameter): Name = "Supplier Part Number 1"; Value = "311-0.0JRTR-ND"; VariantName = "[No Variations]"
Added Component: Designator=R328(RES0402)
Add component (AddParameter): Name = "Supplier 1"; Value = "Digikey"; VariantName = "[No Variations]"
Add component (AddParameter): Name = "Supplier Part Number 1"; Value = "311-1.00KLRDKR-ND"; VariantName = "[No Variations]"
Added Component: Designator=R329(RES0402)
Add component (AddParameter): Name = "Supplier 1"; Value = "Digikey"; VariantName = "[No Variations]"
Add component (AddParameter): Name = "Supplier Part Number 1"; Value = "311-1.00KLRDKR-ND"; VariantName = "[No Variations]"
Added Component: Designator=R330(RES0402)
Add component (AddParameter): Name = "Supplier 1"; Value = "Digikey"; VariantName = "[No Variations]"
Add component (AddParameter): Name = "Supplier Part Number 1"; Value = "311-1.00KLRDKR-ND"; VariantName = "[No Variations]"
Added Component: Designator=R331(RES0402)
Add component (AddParameter): Name = "Supplier 1"; Value = "Digikey"; VariantName = "[No Variations]"
Add component (AddParameter): Name = "Supplier Part Number 1"; Value = "311-0.0JRTR-ND"; VariantName = "[No Variations]"
Added Component: Designator=R332(RES0402)
Add component (AddParameter): Name = "Supplier 1"; Value = "Digikey"; VariantName = "[No Variations]"
Add component (AddParameter): Name = "Supplier Part Number 1"; Value = "311-1.00KLRDKR-ND"; VariantName = "[No Variations]"
Added Component: Designator=R333(RES0402)
Add component (AddParameter): Name = "Supplier 1"; Value = "Digikey"; VariantName = "[No Variations]"
Add component (AddParameter): Name = "Supplier Part Number 1"; Value = "311-1.00KLRDKR-ND"; VariantName = "[No Variations]"
Added Component: Designator=R334(RES0402)
Add component (AddParameter): Name = "Supplier 1"; Value = "Digikey"; VariantName = "[No Variations]"
Add component (AddParameter): Name = "Supplier Part Number 1"; Value = "311-1.00KLRDKR-ND"; VariantName = "[No Variations]"
Added Component: Designator=R335(RES0402)
Add component (AddParameter): Name = "Supplier 1"; Value = "Digikey"; VariantName = "[No Variations]"
Add component (AddParameter): Name = "Supplier Part Number 1"; Value = "311-1.00KLRDKR-ND"; VariantName = "[No Variations]"
Added Component: Designator=R336(RES0402)
Add component (AddParameter): Name = "Supplier 1"; Value = "Digikey"; VariantName = "[No Variations]"
Add component (AddParameter): Name = "Supplier Part Number 1"; Value = "311-1.00KLRDKR-ND"; VariantName = "[No Variations]"
Added Component: Designator=R337(RES0402)
Add component (AddParameter): Name = "Supplier 1"; Value = "Digikey"; VariantName = "[No Variations]"
Add component (AddParameter): Name = "Supplier Part Number 1"; Value = "311-1.00KLRDKR-ND"; VariantName = "[No Variations]"
Added Component: Designator=R338(RES0402)
Add component (AddParameter): Name = "Supplier 1"; Value = "Digikey"; VariantName = "[No Variations]"
Add component (AddParameter): Name = "Supplier Part Number 1"; Value = "311-1.00KLRDKR-ND"; VariantName = "[No Variations]"
Added Component: Designator=TP300(TP)
Added Component: Designator=TP301(TP)
Added Component: Designator=TP302(TP)
Added Component: Designator=TP303(TP)
Added Component: Designator=TP304(TP)
Added Component: Designator=TP305(TP)
Added Component: Designator=TP306(TP)
Added Component: Designator=TP307(TP)
Added Component: Designator=TP308(TP)
Added Component: Designator=TP309(TP)
Added Component: Designator=TP310(TP)
Added Component: Designator=TP311(TP)
Added Component: Designator=TP312(TP)
Added Component: Designator=TP313(TP)
Added Component: Designator=TP314(TP)
Added Component: Designator=TP315(TP)
Added Component: Designator=TP316(TP)
Added Component: Designator=U100(TPS7A0218PDQNR)
Add component (AddParameter): Name = "Supplier 1"; Value = "Digikey"; VariantName = "[No Variations]"
Add component (AddParameter): Name = "Supplier Part Number 1"; Value = "296-TPS7A0218PDQNRCT-ND"; VariantName = "[No Variations]"
Added Component: Designator=U101(12401826E412A)
Add component (AddParameter): Name = "Supplier 1"; Value = "Digikey"; VariantName = "[No Variations]"
Add component (AddParameter): Name = "Supplier Part Number 1"; Value = "12401826E412ACT-ND"; VariantName = "[No Variations]"
Added Component: Designator=U102(TPS7A0218PDQNR)
Add component (AddParameter): Name = "Supplier 1"; Value = "Mouser"; VariantName = "[No Variations]"
Add component (AddParameter): Name = "Supplier Part Number 1"; Value = "595-TPS7A0233DQNR"; VariantName = "[No Variations]"
Added Component: Designator=U103(SMF05C.TCT)
Add component (AddParameter): Name = "Supplier 1"; Value = "Digikey"; VariantName = "[No Variations]"
Add component (AddParameter): Name = "Supplier Part Number 1"; Value = "SMF05CCT-ND"; VariantName = "[No Variations]"
Added Component: Designator=U104(BQ24297RGER)
Add component (AddParameter): Name = "Supplier 1"; Value = "Digikey"; VariantName = "[No Variations]"
Add component (AddParameter): Name = "Supplier Part Number 1"; Value = "296-46072-1-ND"; VariantName = "[No Variations]"
Added Component: Designator=U200(NRF5340-CLAA-R)
Add component (AddParameter): Name = "Supplier 1"; Value = "Digikey"; VariantName = "[No Variations]"
Add component (AddParameter): Name = "Supplier Part Number 1"; Value = "4823-NRF5340-CLAA-RCT-ND"; VariantName = "[No Variations]"
Added Component: Designator=U300(NRF5340-CLAA-R)
Add component (AddParameter): Name = "Supplier 1"; Value = "Digikey"; VariantName = "[No Variations]"
Add component (AddParameter): Name = "Supplier Part Number 1"; Value = "4823-NRF5340-CLAA-RCT-ND"; VariantName = "[No Variations]"
Added Component: Designator=XT300(FNGEPO002)
Add component (AddParameter): Name = "Supplier 1"; Value = "Arrow Electronics"; VariantName = "[No Variations]"
Add component (AddParameter): Name = "Supplier Part Number 1"; Value = "FNGEPO002"; VariantName = "[No Variations]"
Added Pin To Net: NetName=1V8 Pin=C100-1
Added Pin To Net: NetName=1V8 Pin=C101-1
Added Pin To Net: NetName=1V8 Pin=R300-1
Added Pin To Net: NetName=1V8 Pin=U100-1
Added Net: Name=1V8
Added Pin To Net: NetName=3V3 Pin=C108-1
Added Pin To Net: NetName=3V3 Pin=C109-1
Added Pin To Net: NetName=3V3 Pin=R301-1
Added Pin To Net: NetName=3V3 Pin=R302-1
Added Pin To Net: NetName=3V3 Pin=U102-1
Added Net: Name=3V3
Added Pin To Net: NetName=3V Pin=R119-1
Added Pin To Net: NetName=3V Pin=R120-1
Added Pin To Net: NetName=3V Pin=R122-1
Added Net: Name=3V
Added Pin To Net: NetName=AFE_A Pin=C301-1
Added Pin To Net: NetName=AFE_A Pin=C302-1
Added Pin To Net: NetName=AFE_A Pin=C303-1
Added Pin To Net: NetName=AFE_A Pin=C304-1
Added Pin To Net: NetName=AFE_A Pin=C305-1
Added Pin To Net: NetName=AFE_A Pin=C320-1
Added Pin To Net: NetName=AFE_A Pin=L301-2
Added Pin To Net: NetName=AFE_A Pin=R322-2
Added Pin To Net: NetName=AFE_A Pin=R335-1
Added Pin To Net: NetName=AFE_A Pin=TP300-1
Added Pin To Net: NetName=AFE_A Pin=U300-A7
Added Pin To Net: NetName=AFE_A Pin=U300-B4
Added Pin To Net: NetName=AFE_A Pin=U300-B6
Added Pin To Net: NetName=AFE_A Pin=U300-C6
Added Pin To Net: NetName=AFE_A Pin=XT300-4
Added Net: Name=AFE_A
Added Net: Name=AFE_DRDY
Added Pin To Net: NetName=AFE_D Pin=C300-1
Added Pin To Net: NetName=AFE_D Pin=C306-1
Added Pin To Net: NetName=AFE_D Pin=C307-1
Added Pin To Net: NetName=AFE_D Pin=C308-1
Added Pin To Net: NetName=AFE_D Pin=C309-1
Added Pin To Net: NetName=AFE_D Pin=C310-1
Added Pin To Net: NetName=AFE_D Pin=L300-2
Added Pin To Net: NetName=AFE_D Pin=R311-2
Added Pin To Net: NetName=AFE_D Pin=R313-2
Added Pin To Net: NetName=AFE_D Pin=R325-2
Added Pin To Net: NetName=AFE_D Pin=R326-2
Added Pin To Net: NetName=AFE_D Pin=TP301-1
Added Pin To Net: NetName=AFE_D Pin=U300-C8
Added Net: Name=AFE_D
Added Pin To Net: NetName=AFE_PWDN Pin=R326-1
Added Pin To Net: NetName=AFE_PWDN Pin=U300-G5
Added Net: Name=AFE_PWDN
Added Pin To Net: NetName=AFE_RESET Pin=R325-1
Added Pin To Net: NetName=AFE_RESET Pin=U300-G6
Added Net: Name=AFE_RESET
Added Pin To Net: NetName=AFE_START Pin=U300-G7
Added Net: Name=AFE_START
Added Pin To Net: NetName=AGND Pin=C300-2
Added Pin To Net: NetName=AGND Pin=C301-2
Added Pin To Net: NetName=AGND Pin=C302-2
Added Pin To Net: NetName=AGND Pin=C303-2
Added Pin To Net: NetName=AGND Pin=C304-2
Added Pin To Net: NetName=AGND Pin=C305-2
Added Pin To Net: NetName=AGND Pin=C306-2
Added Pin To Net: NetName=AGND Pin=C307-2
Added Pin To Net: NetName=AGND Pin=C308-2
Added Pin To Net: NetName=AGND Pin=C309-2
Added Pin To Net: NetName=AGND Pin=C310-2
Added Pin To Net: NetName=AGND Pin=C311-2
Added Pin To Net: NetName=AGND Pin=C312-2
Added Pin To Net: NetName=AGND Pin=C313-2
Added Pin To Net: NetName=AGND Pin=C314-2
Added Pin To Net: NetName=AGND Pin=C315-2
Added Pin To Net: NetName=AGND Pin=C316-2
Added Pin To Net: NetName=AGND Pin=C317-2
Added Pin To Net: NetName=AGND Pin=C318-2
Added Pin To Net: NetName=AGND Pin=C319-2
Added Pin To Net: NetName=AGND Pin=C320-2
Added Pin To Net: NetName=AGND Pin=C321-2
Added Pin To Net: NetName=AGND Pin=C322-2
Added Pin To Net: NetName=AGND Pin=C323-1
Added Pin To Net: NetName=AGND Pin=C324-2
Added Pin To Net: NetName=AGND Pin=C325-2
Added Pin To Net: NetName=AGND Pin=C326-2
Added Pin To Net: NetName=AGND Pin=C327-2
Added Pin To Net: NetName=AGND Pin=C328-2
Added Pin To Net: NetName=AGND Pin=C329-2
Added Pin To Net: NetName=AGND Pin=C330-2
Added Pin To Net: NetName=AGND Pin=C331-2
Added Pin To Net: NetName=AGND Pin=C332-2
Added Pin To Net: NetName=AGND Pin=C333-2
Added Pin To Net: NetName=AGND Pin=C334-2
Added Pin To Net: NetName=AGND Pin=C335-2
Added Pin To Net: NetName=AGND Pin=C336-2
Added Pin To Net: NetName=AGND Pin=C337-2
Added Pin To Net: NetName=AGND Pin=C339-2
Added Pin To Net: NetName=AGND Pin=C340-2
Added Pin To Net: NetName=AGND Pin=C341-2
Added Pin To Net: NetName=AGND Pin=C342-2
Added Pin To Net: NetName=AGND Pin=D300-2
Added Pin To Net: NetName=AGND Pin=D301-2
Added Pin To Net: NetName=AGND Pin=D302-2
Added Pin To Net: NetName=AGND Pin=D303-2
Added Pin To Net: NetName=AGND Pin=D304-2
Added Pin To Net: NetName=AGND Pin=D305-2
Added Pin To Net: NetName=AGND Pin=D306-2
Added Pin To Net: NetName=AGND Pin=D307-2
Added Pin To Net: NetName=AGND Pin=D308-2
Added Pin To Net: NetName=AGND Pin=DB300-6
Added Pin To Net: NetName=AGND Pin=R303-2
Added Pin To Net: NetName=AGND Pin=R316-1
Added Pin To Net: NetName=AGND Pin=R336-2
Added Pin To Net: NetName=AGND Pin=TP307-1
Added Pin To Net: NetName=AGND Pin=U300-A5
Added Pin To Net: NetName=AGND Pin=U300-B5
Added Pin To Net: NetName=AGND Pin=U300-C5
Added Pin To Net: NetName=AGND Pin=U300-C7
Added Pin To Net: NetName=AGND Pin=U300-E4
Added Pin To Net: NetName=AGND Pin=U300-F6
Added Pin To Net: NetName=AGND Pin=XT300-2
Added Net: Name=AGND
Added Pin To Net: NetName=CC1 Pin=R105-2
Added Pin To Net: NetName=CC1 Pin=U101-A5
Added Net: Name=CC1
Added Pin To Net: NetName=CC2 Pin=R106-2
Added Pin To Net: NetName=CC2 Pin=U101-B5
Added Net: Name=CC2
Added Pin To Net: NetName=CLOCK_SELECT Pin=R311-1
Added Pin To Net: NetName=CLOCK_SELECT Pin=R316-2
Added Pin To Net: NetName=CLOCK_SELECT Pin=U300-B8
Added Net: Name=CLOCK_SELECT
Added Pin To Net: NetName=CLOCK Pin=U300-G8
Added Pin To Net: NetName=CLOCK Pin=XT300-3
Added Net: Name=CLOCK
Added Pin To Net: NetName=DN_1 Pin=R104-1
Added Pin To Net: NetName=DN_1 Pin=U101-A7
Added Pin To Net: NetName=DN_1 Pin=U101-B7
Added Net: Name=DN_1
Added Pin To Net: NetName=DN Pin=R104-2
Added Pin To Net: NetName=DN Pin=U103-6
Added Pin To Net: NetName=DN Pin=U104-3
Added Net: Name=DN
Added Pin To Net: NetName=DP_1 Pin=R103-1
Added Pin To Net: NetName=DP_1 Pin=U101-A6
Added Pin To Net: NetName=DP_1 Pin=U101-B6
Added Net: Name=DP_1
Added Pin To Net: NetName=DP Pin=R103-2
Added Pin To Net: NetName=DP Pin=U103-5
Added Pin To Net: NetName=DP Pin=U104-2
Added Net: Name=DP
Added Pin To Net: NetName=GND Pin=C100-2
Added Pin To Net: NetName=GND Pin=C101-2
Added Pin To Net: NetName=GND Pin=C102-2
Added Pin To Net: NetName=GND Pin=C103-C
Added Pin To Net: NetName=GND Pin=C104-2
Added Pin To Net: NetName=GND Pin=C105-2
Added Pin To Net: NetName=GND Pin=C106-2
Added Pin To Net: NetName=GND Pin=C107-2
Added Pin To Net: NetName=GND Pin=C108-2
Added Pin To Net: NetName=GND Pin=C109-2
Added Pin To Net: NetName=GND Pin=C110-2
Added Pin To Net: NetName=GND Pin=C112-1
Added Pin To Net: NetName=GND Pin=C113-1
Added Pin To Net: NetName=GND Pin=C114-2
Added Pin To Net: NetName=GND Pin=C115-2
Added Pin To Net: NetName=GND Pin=C116-2
Added Pin To Net: NetName=GND Pin=C117-2
Added Pin To Net: NetName=GND Pin=C118-2
Added Pin To Net: NetName=GND Pin=C119-2
Added Pin To Net: NetName=GND Pin=C120-2
Added Pin To Net: NetName=GND Pin=C121-2
Added Pin To Net: NetName=GND Pin=H100-1
Added Pin To Net: NetName=GND Pin=R105-1
Added Pin To Net: NetName=GND Pin=R106-1
Added Pin To Net: NetName=GND Pin=R118-2
Added Pin To Net: NetName=GND Pin=R121-2
Added Pin To Net: NetName=GND Pin=R123-1
Added Pin To Net: NetName=GND Pin=R303-1
Added Pin To Net: NetName=GND Pin=TP306-1
Added Pin To Net: NetName=GND Pin=U100-2
Added Pin To Net: NetName=GND Pin=U100-5
Added Pin To Net: NetName=GND Pin=U101-A1
Added Pin To Net: NetName=GND Pin=U101-A12
Added Pin To Net: NetName=GND Pin=U101-B1
Added Pin To Net: NetName=GND Pin=U101-B12
Added Pin To Net: NetName=GND Pin=U102-2
Added Pin To Net: NetName=GND Pin=U102-5
Added Pin To Net: NetName=GND Pin=U103-2
Added Pin To Net: NetName=GND Pin=U104-17
Added Pin To Net: NetName=GND Pin=U104-18
Added Pin To Net: NetName=GND Pin=U104-25
Added Pin To Net: NetName=GND Pin=U104-25
Added Pin To Net: NetName=GND Pin=U104-25
Added Pin To Net: NetName=GND Pin=U104-25
Added Pin To Net: NetName=GND Pin=U104-25
Added Pin To Net: NetName=GND Pin=U104-25
Added Pin To Net: NetName=GND Pin=U104-25
Added Pin To Net: NetName=GND Pin=U104-25
Added Pin To Net: NetName=GND Pin=U104-25
Added Pin To Net: NetName=GND Pin=U104-25
Added Pin To Net: NetName=GND Pin=U104-25
Added Pin To Net: NetName=GND Pin=U104-25
Added Pin To Net: NetName=GND Pin=U104-25
Added Pin To Net: NetName=GND Pin=U104-25
Added Pin To Net: NetName=GND Pin=U104-25
Added Pin To Net: NetName=GND Pin=U104-25
Added Pin To Net: NetName=GND Pin=U104-25
Added Pin To Net: NetName=GND Pin=U104-25
Added Pin To Net: NetName=GND Pin=U104-25
Added Pin To Net: NetName=GND Pin=U104-25
Added Pin To Net: NetName=GND Pin=U104-25
Added Pin To Net: NetName=GND Pin=U104-25
Added Pin To Net: NetName=GND Pin=U104-25
Added Pin To Net: NetName=GND Pin=U104-25
Added Pin To Net: NetName=GND Pin=U104-25
Added Pin To Net: NetName=GND Pin=U104-25
Added Pin To Net: NetName=GND Pin=U104-25
Added Pin To Net: NetName=GND Pin=U104-25
Added Pin To Net: NetName=GND Pin=U104-25
Added Pin To Net: NetName=GND Pin=U104-25
Added Pin To Net: NetName=GND Pin=U104-25
Added Pin To Net: NetName=GND Pin=U104-25
Added Net: Name=GND
Added Pin To Net: NetName=GPIO1 Pin=U300-F5
Added Net: Name=GPIO1
Added Pin To Net: NetName=GPIO2 Pin=U300-E7
Added Net: Name=GPIO2
Added Pin To Net: NetName=GPIO3 Pin=U300-E6
Added Net: Name=GPIO3
Added Pin To Net: NetName=GPIO4 Pin=U300-E5
Added Net: Name=GPIO4
Added Pin To Net: NetName=INT_E Pin=R114-1
Added Pin To Net: NetName=INT_E Pin=R120-2
Added Net: Name=INT_E
Added Pin To Net: NetName=INT Pin=R114-2
Added Pin To Net: NetName=INT Pin=U104-7
Added Net: Name=INT
Added Pin To Net: NetName=NetC111_2 Pin=C111-2
Added Pin To Net: NetName=NetC111_2 Pin=R108-2
Added Net: Name=NetC111_2
Added Pin To Net: NetName=NetC311_1 Pin=C311-1
Added Pin To Net: NetName=NetC311_1 Pin=C312-1
Added Pin To Net: NetName=NetC311_1 Pin=C313-1
Added Net: Name=NetC311_1
Added Pin To Net: NetName=NetC319_1 Pin=C319-1
Added Pin To Net: NetName=NetC319_1 Pin=L301-1
Added Pin To Net: NetName=NetC319_1 Pin=R302-2
Added Net: Name=NetC319_1
Added Pin To Net: NetName=NetC321_1 Pin=C321-1
Added Pin To Net: NetName=NetC321_1 Pin=R304-2
Added Pin To Net: NetName=NetC321_1 Pin=R305-1
Added Net: Name=NetC321_1
Added Pin To Net: NetName=NetC322_1 Pin=C322-1
Added Pin To Net: NetName=NetC322_1 Pin=R305-2
Added Pin To Net: NetName=NetC322_1 Pin=TP308-1
Added Pin To Net: NetName=NetC322_1 Pin=U300-F2
Added Pin To Net: NetName=NetC322_1 Pin=U300-G2
Added Net: Name=NetC322_1
Added Pin To Net: NetName=NetC323_2 Pin=C323-2
Added Pin To Net: NetName=NetC323_2 Pin=R310-1
Added Pin To Net: NetName=NetC323_2 Pin=R312-1
Added Pin To Net: NetName=NetC323_2 Pin=R317-1
Added Pin To Net: NetName=NetC323_2 Pin=R320-1
Added Pin To Net: NetName=NetC323_2 Pin=R321-1
Added Pin To Net: NetName=NetC323_2 Pin=R327-1
Added Net: Name=NetC323_2
Added Pin To Net: NetName=NetC324_1 Pin=C324-1
Added Pin To Net: NetName=NetC324_1 Pin=R306-2
Added Pin To Net: NetName=NetC324_1 Pin=R307-1
Added Net: Name=NetC324_1
Added Pin To Net: NetName=NetC325_1 Pin=C325-1
Added Pin To Net: NetName=NetC325_1 Pin=R307-2
Added Pin To Net: NetName=NetC325_1 Pin=TP309-1
Added Net: Name=NetC325_1
Added Pin To Net: NetName=NetC328_1 Pin=C328-1
Added Pin To Net: NetName=NetC328_1 Pin=R308-2
Added Pin To Net: NetName=NetC328_1 Pin=R309-1
Added Net: Name=NetC328_1
Added Pin To Net: NetName=NetC329_1 Pin=C329-1
Added Pin To Net: NetName=NetC329_1 Pin=R309-2
Added Pin To Net: NetName=NetC329_1 Pin=TP310-1
Added Pin To Net: NetName=NetC329_1 Pin=U300-F1
Added Net: Name=NetC329_1
Added Pin To Net: NetName=NetC330_1 Pin=C330-1
Added Pin To Net: NetName=NetC330_1 Pin=R314-2
Added Pin To Net: NetName=NetC330_1 Pin=R315-1
Added Net: Name=NetC330_1
Added Pin To Net: NetName=NetC331_1 Pin=C331-1
Added Pin To Net: NetName=NetC331_1 Pin=R315-2
Added Pin To Net: NetName=NetC331_1 Pin=TP311-1
Added Net: Name=NetC331_1
Added Pin To Net: NetName=NetC332_1 Pin=C332-1
Added Pin To Net: NetName=NetC332_1 Pin=R318-2
Added Pin To Net: NetName=NetC332_1 Pin=R319-1
Added Net: Name=NetC332_1
Added Pin To Net: NetName=NetC333_1 Pin=C333-1
Added Pin To Net: NetName=NetC333_1 Pin=R319-2
Added Pin To Net: NetName=NetC333_1 Pin=TP312-1
Added Pin To Net: NetName=NetC333_1 Pin=U300-A1
Added Net: Name=NetC333_1
Added Pin To Net: NetName=NetC334_1 Pin=C334-1
Added Pin To Net: NetName=NetC334_1 Pin=R323-2
Added Pin To Net: NetName=NetC334_1 Pin=R324-1
Added Net: Name=NetC334_1
Added Pin To Net: NetName=NetC335_1 Pin=C335-1
Added Pin To Net: NetName=NetC335_1 Pin=R324-2
Added Pin To Net: NetName=NetC335_1 Pin=TP313-1
Added Pin To Net: NetName=NetC335_1 Pin=U300-B1
Added Net: Name=NetC335_1
Added Pin To Net: NetName=NetC336_1 Pin=C336-1
Added Pin To Net: NetName=NetC336_1 Pin=R328-2
Added Pin To Net: NetName=NetC336_1 Pin=R329-1
Added Net: Name=NetC336_1
Added Pin To Net: NetName=NetC337_1 Pin=C337-1
Added Pin To Net: NetName=NetC337_1 Pin=R329-2
Added Pin To Net: NetName=NetC337_1 Pin=TP314-1
Added Net: Name=NetC337_1
Added Pin To Net: NetName=NetC338_1 Pin=C338-1
Added Pin To Net: NetName=NetC338_1 Pin=R330-2
Added Pin To Net: NetName=NetC338_1 Pin=U300-A3
Added Net: Name=NetC338_1
Added Pin To Net: NetName=NetC338_2 Pin=C338-2
Added Pin To Net: NetName=NetC338_2 Pin=R330-1
Added Pin To Net: NetName=NetC338_2 Pin=R331-1
Added Net: Name=NetC338_2
Added Pin To Net: NetName=NetC339_1 Pin=C339-1
Added Pin To Net: NetName=NetC339_1 Pin=R333-2
Added Pin To Net: NetName=NetC339_1 Pin=R334-1
Added Net: Name=NetC339_1
Added Pin To Net: NetName=NetC340_1 Pin=C340-1
Added Pin To Net: NetName=NetC340_1 Pin=R334-2
Added Pin To Net: NetName=NetC340_1 Pin=TP315-1
Added Pin To Net: NetName=NetC340_1 Pin=U300-H2
Added Net: Name=NetC340_1
Added Pin To Net: NetName=NetC341_1 Pin=C341-1
Added Pin To Net: NetName=NetC341_1 Pin=R337-2
Added Pin To Net: NetName=NetC341_1 Pin=R338-1
Added Net: Name=NetC341_1
Added Pin To Net: NetName=NetC342_1 Pin=C342-1
Added Pin To Net: NetName=NetC342_1 Pin=R338-2
Added Pin To Net: NetName=NetC342_1 Pin=TP316-1
Added Pin To Net: NetName=NetC342_1 Pin=U300-D1
Added Net: Name=NetC342_1
Added Pin To Net: NetName=NetD300_1 Pin=D300-1
Added Pin To Net: NetName=NetD300_1 Pin=DB300-9
Added Pin To Net: NetName=NetD300_1 Pin=R304-1
Added Net: Name=NetD300_1
Added Pin To Net: NetName=NetD301_1 Pin=D301-1
Added Pin To Net: NetName=NetD301_1 Pin=DB300-10
Added Pin To Net: NetName=NetD301_1 Pin=R306-1
Added Net: Name=NetD301_1
Added Pin To Net: NetName=NetD302_1 Pin=D302-1
Added Pin To Net: NetName=NetD302_1 Pin=DB300-11
Added Pin To Net: NetName=NetD302_1 Pin=R308-1
Added Net: Name=NetD302_1
Added Pin To Net: NetName=NetD303_1 Pin=D303-1
Added Pin To Net: NetName=NetD303_1 Pin=DB300-3
Added Pin To Net: NetName=NetD303_1 Pin=R314-1
Added Net: Name=NetD303_1
Added Pin To Net: NetName=NetD304_1 Pin=D304-1
Added Pin To Net: NetName=NetD304_1 Pin=DB300-12
Added Pin To Net: NetName=NetD304_1 Pin=R318-1
Added Net: Name=NetD304_1
Added Pin To Net: NetName=NetD305_1 Pin=D305-1
Added Pin To Net: NetName=NetD305_1 Pin=DB300-4
Added Pin To Net: NetName=NetD305_1 Pin=R323-1
Added Net: Name=NetD305_1
Added Pin To Net: NetName=NetD306_1 Pin=D306-1
Added Pin To Net: NetName=NetD306_1 Pin=DB300-1
Added Pin To Net: NetName=NetD306_1 Pin=R328-1
Added Net: Name=NetD306_1
Added Pin To Net: NetName=NetD307_1 Pin=D307-1
Added Pin To Net: NetName=NetD307_1 Pin=DB300-5
Added Pin To Net: NetName=NetD307_1 Pin=R333-1
Added Net: Name=NetD307_1
Added Pin To Net: NetName=NetD308_1 Pin=D308-1
Added Pin To Net: NetName=NetD308_1 Pin=DB300-2
Added Pin To Net: NetName=NetD308_1 Pin=R337-1
Added Net: Name=NetD308_1
Added Pin To Net: NetName=NetDB300_14 Pin=DB300-14
Added Net: Name=NetDB300_14
Added Pin To Net: NetName=NetL300_1 Pin=L300-1
Added Pin To Net: NetName=NetL300_1 Pin=R300-2
Added Pin To Net: NetName=NetL300_1 Pin=R301-2
Added Net: Name=NetL300_1
Added Pin To Net: NetName=NetR100_2 Pin=R100-2
Added Pin To Net: NetName=NetR100_2 Pin=U100-4
Added Net: Name=NetR100_2
Added Pin To Net: NetName=NetR102_2 Pin=R102-2
Added Pin To Net: NetName=NetR102_2 Pin=U100-3
Added Net: Name=NetR102_2
Added Pin To Net: NetName=NetR107_2 Pin=R107-2
Added Pin To Net: NetName=NetR107_2 Pin=U102-3
Added Net: Name=NetR107_2
Added Pin To Net: NetName=NetR108_1 Pin=R108-1
Added Pin To Net: NetName=NetR108_1 Pin=U104-21
Added Net: Name=NetR108_1
Added Pin To Net: NetName=NetR112_1 Pin=R112-1
Added Pin To Net: NetName=NetR112_1 Pin=R113-2
Added Pin To Net: NetName=NetR112_1 Pin=R115-2
Added Net: Name=NetR112_1
Added Pin To Net: NetName=NetR113_1 Pin=R113-1
Added Pin To Net: NetName=NetR113_1 Pin=R115-1
Added Pin To Net: NetName=NetR113_1 Pin=U104-11
Added Net: Name=NetR113_1
Added Pin To Net: NetName=NetR116_1 Pin=R116-1
Added Pin To Net: NetName=NetR116_1 Pin=R118-1
Added Net: Name=NetR116_1
Added Pin To Net: NetName=NetR116_2 Pin=R116-2
Added Pin To Net: NetName=NetR116_2 Pin=U104-10
Added Net: Name=NetR116_2
Added Pin To Net: NetName=NetR121_1 Pin=R121-1
Added Pin To Net: NetName=NetR121_1 Pin=R122-2
Added Pin To Net: NetName=NetR121_1 Pin=U104-9
Added Net: Name=NetR121_1
Added Pin To Net: NetName=NetR310_2 Pin=R310-2
Added Pin To Net: NetName=NetR310_2 Pin=U300-A2
Added Net: Name=NetR310_2
Added Pin To Net: NetName=NetR312_2 Pin=R312-2
Added Pin To Net: NetName=NetR312_2 Pin=U300-B2
Added Net: Name=NetR312_2
Added Pin To Net: NetName=NetR317_2 Pin=R317-2
Added Pin To Net: NetName=NetR317_2 Pin=U300-C2
Added Net: Name=NetR317_2
Added Pin To Net: NetName=NetR320_2 Pin=R320-2
Added Pin To Net: NetName=NetR320_2 Pin=U300-D2
Added Net: Name=NetR320_2
Added Pin To Net: NetName=NetR321_2 Pin=R321-2
Added Pin To Net: NetName=NetR321_2 Pin=U300-E2
Added Net: Name=NetR321_2
Added Pin To Net: NetName=NetR322_1 Pin=R322-1
Added Pin To Net: NetName=NetR322_1 Pin=XT300-1
Added Net: Name=NetR322_1
Added Pin To Net: NetName=NetR327_2 Pin=R327-2
Added Pin To Net: NetName=NetR327_2 Pin=U300-H1
Added Net: Name=NetR327_2
Added Pin To Net: NetName=NetR331_2 Pin=R331-2
Added Net: Name=NetR331_2
Added Pin To Net: NetName=NetR332_1 Pin=R332-1
Added Pin To Net: NetName=NetR332_1 Pin=U300-C4
Added Net: Name=NetR332_1
Added Pin To Net: NetName=NetR332_2 Pin=R332-2
Added Pin To Net: NetName=NetR332_2 Pin=R335-2
Added Pin To Net: NetName=NetR332_2 Pin=R336-1
Added Net: Name=NetR332_2
Added Pin To Net: NetName=OTG_E Pin=R117-1
Added Pin To Net: NetName=OTG_E Pin=R123-2
Added Net: Name=OTG_E
Added Pin To Net: NetName=OTG Pin=R117-2
Added Pin To Net: NetName=OTG Pin=U104-8
Added Net: Name=OTG
Added Pin To Net: NetName=PACEO1 Pin=U300-E3
Added Net: Name=PACEO1
Added Pin To Net: NetName=PACEO2 Pin=U300-F3
Added Net: Name=PACEO2
Added Pin To Net: NetName=PMID Pin=C112-2
Added Pin To Net: NetName=PMID Pin=U104-23
Added Net: Name=PMID
Added Pin To Net: NetName=REGN Pin=C113-2
Added Pin To Net: NetName=REGN Pin=R112-2
Added Pin To Net: NetName=REGN Pin=U104-22
Added Net: Name=REGN
Added Pin To Net: NetName=SCL_1 Pin=R110-2
Added Pin To Net: NetName=SCL_1 Pin=U104-5
Added Net: Name=SCL_1
Added Pin To Net: NetName=SCL Pin=R110-1
Added Net: Name=SCL
Added Pin To Net: NetName=SDA_1 Pin=R111-2
Added Pin To Net: NetName=SDA_1 Pin=U104-6
Added Net: Name=SDA_1
Added Pin To Net: NetName=SDA Pin=R111-1
Added Net: Name=SDA
Added Pin To Net: NetName=SPI_CLK Pin=U300-F8
Added Net: Name=SPI_CLK
Added Pin To Net: NetName=SPI_CS Pin=R313-1
Added Pin To Net: NetName=SPI_CS Pin=U300-F7
Added Net: Name=SPI_CS
Added Net: Name=SPI_IN
Added Pin To Net: NetName=SPI_OUT Pin=U300-E8
Added Net: Name=SPI_OUT
Added Pin To Net: NetName=STAT_1 Pin=R109-2
Added Pin To Net: NetName=STAT_1 Pin=U104-4
Added Net: Name=STAT_1
Added Pin To Net: NetName=STAT Pin=R109-1
Added Pin To Net: NetName=STAT Pin=R119-2
Added Net: Name=STAT
Added Pin To Net: NetName=SW Pin=C111-1
Added Pin To Net: NetName=SW Pin=L100-1
Added Pin To Net: NetName=SW Pin=U104-19
Added Pin To Net: NetName=SW Pin=U104-20
Added Net: Name=SW
Added Pin To Net: NetName=SYS Pin=C114-1
Added Pin To Net: NetName=SYS Pin=C115-1
Added Pin To Net: NetName=SYS Pin=C116-1
Added Pin To Net: NetName=SYS Pin=L100-2
Added Pin To Net: NetName=SYS Pin=U104-15
Added Pin To Net: NetName=SYS Pin=U104-16
Added Net: Name=SYS
Added Pin To Net: NetName=VBAT Pin=C102-1
Added Pin To Net: NetName=VBAT Pin=C110-1
Added Pin To Net: NetName=VBAT Pin=C120-1
Added Pin To Net: NetName=VBAT Pin=C121-1
Added Pin To Net: NetName=VBAT Pin=H100-2
Added Pin To Net: NetName=VBAT Pin=R100-1
Added Pin To Net: NetName=VBAT Pin=R102-1
Added Pin To Net: NetName=VBAT Pin=R107-1
Added Pin To Net: NetName=VBAT Pin=U102-4
Added Pin To Net: NetName=VBAT Pin=U104-13
Added Pin To Net: NetName=VBAT Pin=U104-14
Added Net: Name=VBAT
Added Pin To Net: NetName=VBUS_1 Pin=R101-1
Added Pin To Net: NetName=VBUS_1 Pin=U101-A4
Added Pin To Net: NetName=VBUS_1 Pin=U101-A9
Added Pin To Net: NetName=VBUS_1 Pin=U101-B4
Added Pin To Net: NetName=VBUS_1 Pin=U101-B9
Added Net: Name=VBUS_1
Added Pin To Net: NetName=VBUS_2 Pin=C103-A
Added Pin To Net: NetName=VBUS_2 Pin=FB100-1
Added Pin To Net: NetName=VBUS_2 Pin=FB101-1
Added Pin To Net: NetName=VBUS_2 Pin=R101-2
Added Pin To Net: NetName=VBUS_2 Pin=U103-4
Added Net: Name=VBUS_2
Added Pin To Net: NetName=VBUS Pin=C104-1
Added Pin To Net: NetName=VBUS Pin=C105-1
Added Pin To Net: NetName=VBUS Pin=C106-1
Added Pin To Net: NetName=VBUS Pin=C107-1
Added Pin To Net: NetName=VBUS Pin=C117-1
Added Pin To Net: NetName=VBUS Pin=C118-1
Added Pin To Net: NetName=VBUS Pin=C119-1
Added Pin To Net: NetName=VBUS Pin=FB100-2
Added Pin To Net: NetName=VBUS Pin=FB101-2
Added Pin To Net: NetName=VBUS Pin=U104-1
Added Pin To Net: NetName=VBUS Pin=U104-24
Added Net: Name=VBUS
Added Pin To Net: NetName=VCAP1 Pin=C316-1
Added Pin To Net: NetName=VCAP1 Pin=C318-1
Added Pin To Net: NetName=VCAP1 Pin=TP305-1
Added Net: Name=VCAP1
Added Pin To Net: NetName=VCAP2 Pin=C317-1
Added Pin To Net: NetName=VCAP2 Pin=TP304-1
Added Net: Name=VCAP2
Added Pin To Net: NetName=VCAP3 Pin=C314-1
Added Pin To Net: NetName=VCAP3 Pin=TP303-1
Added Pin To Net: NetName=VCAP3 Pin=U300-B7
Added Net: Name=VCAP3
Added Pin To Net: NetName=VCAP4 Pin=C315-1
Added Pin To Net: NetName=VCAP4 Pin=TP302-1
Added Pin To Net: NetName=VCAP4 Pin=U300-G3
Added Net: Name=VCAP4
Added Pin To Net: NetName=VREFP Pin=C326-1
Added Pin To Net: NetName=VREFP Pin=C327-1
Added Pin To Net: NetName=VREFP Pin=U300-H3
Added Net: Name=VREFP
Added Class: Name=BIO_SENSOR
Added Class: Name=MCU
Added Class: Name=SOURCE_POWER
Added Rule: Name=Schematic Supply Nets
Added Rule: Name=Schematic Supply Nets_1
Added Rule: Name=Schematic Supply Nets_2
Added Rule: Name=Schematic Supply Nets_3
Added Rule: Name=Schematic Supply Nets_4
Added Rule: Name=Schematic Supply Nets_5
Added Rule: Name=Schematic Supply Nets_6
Added Rule: Name=Schematic Supply Nets_7
Added Rule: Name=Schematic Supply Nets_8
