Change Component Designator: Old Designator=ATN? New Designator=ATN200
Change Component Designator: Old Designator=C? New Designator=C200
Change Component Designator: Old Designator=C? New Designator=C201
Change Component Designator: Old Designator=C? New Designator=C202
Change Component Designator: Old Designator=C? New Designator=C203
Change Component Designator: Old Designator=C? New Designator=C204
Change Component Designator: Old Designator=C? New Designator=C205
Change Component Designator: Old Designator=C? New Designator=C206
Change Component Designator: Old Designator=C? New Designator=C207
Change Component Designator: Old Designator=C? New Designator=C208
Change Component Designator: Old Designator=C? New Designator=C209
Change Component Designator: Old Designator=C? New Designator=C210
Change Component Designator: Old Designator=C? New Designator=C211
Change Component Designator: Old Designator=C? New Designator=C212
Change Component Designator: Old Designator=C? New Designator=C213
Change Component Designator: Old Designator=C? New Designator=C214
Change Component Designator: Old Designator=C? New Designator=C215
Change Component Designator: Old Designator=C? New Designator=C216
Change Component Designator: Old Designator=C? New Designator=C217
Change Component Designator: Old Designator=C? New Designator=C218
Change Component Designator: Old Designator=D? New Designator=D200
Change Component Designator: Old Designator=L? New Designator=L200
Change Component Designator: Old Designator=L? New Designator=L201
Change Component Designator: Old Designator=L? New Designator=L202
Change Component Designator: Old Designator=L? New Designator=L203
Change Component Designator: Old Designator=L? New Designator=L204
Change Component Designator: Old Designator=L? New Designator=L205
Change Component Designator: Old Designator=LED? New Designator=LED200
Change Component Designator: Old Designator=R? New Designator=R200
Change Component Designator: Old Designator=R? New Designator=R201
Change Component Designator: Old Designator=R? New Designator=R202
Change Component Designator: Old Designator=R? New Designator=R203
Change Component Designator: Old Designator=R? New Designator=R204
Change Component Designator: Old Designator=U? New Designator=U200
Change Component Designator: Old Designator=U? New Designator=U200
Change Component Designator: Old Designator=U? New Designator=U201
Change Component Designator: Old Designator=X? New Designator=X200
Change Component Designator: Old Designator=XT? New Designator=XT200
