Change Component Designator: Old Designator=C120 New Designator=C121
Change Component Designator: Old Designator=C121 New Designator=C122
Change Component Designator: Old Designator=C? New Designator=C120
Change Component Designator: Old Designator=C? New Designator=C123
Change Component Designator: Old Designator=Q? New Designator=Q100
Change Component Designator: Old Designator=R105 New Designator=R106
Change Component Designator: Old Designator=R106 New Designator=R107
Change Component Designator: Old Designator=R107 New Designator=R108
Change Component Designator: Old Designator=R108 New Designator=R109
Change Component Designator: Old Designator=R109 New Designator=R112
Change Component Designator: Old Designator=R110 New Designator=R114
Change Component Designator: Old Designator=R111 New Designator=R115
Change Component Designator: Old Designator=R112 New Designator=R117
Change Component Designator: Old Designator=R113 New Designator=R118
Change Component Designator: Old Designator=R114 New Designator=R119
Change Component Designator: Old Designator=R115 New Designator=R120
Change Component Designator: Old Designator=R116 New Designator=R121
Change Component Designator: Old Designator=R117 New Designator=R122
Change Component Designator: Old Designator=R118 New Designator=R123
Change Component Designator: Old Designator=R119 New Designator=R124
Change Component Designator: Old Designator=R120 New Designator=R125
Change Component Designator: Old Designator=R121 New Designator=R126
Change Component Designator: Old Designator=R122 New Designator=R127
Change Component Designator: Old Designator=R123 New Designator=R128
Change Component Designator: Old Designator=R? New Designator=R105
Change Component Designator: Old Designator=R? New Designator=R110
Change Component Designator: Old Designator=R? New Designator=R111
Change Component Designator: Old Designator=R? New Designator=R113
Change Component Designator: Old Designator=R? New Designator=R116
Change Component Designator: Old Designator=SW? New Designator=SW100
Change Component Designator: Old Designator=U? New Designator=U105
