Change Component Designator: Old Designator=C? New Designator=C100
Change Component Designator: Old Designator=C? New Designator=C101
Change Component Designator: Old Designator=C? New Designator=C102
Change Component Designator: Old Designator=C? New Designator=C103
Change Component Designator: Old Designator=C? New Designator=C104
Change Component Designator: Old Designator=C? New Designator=C105
Change Component Designator: Old Designator=C? New Designator=C106
Change Component Designator: Old Designator=C? New Designator=C107
Change Component Designator: Old Designator=C? New Designator=C108
Change Component Designator: Old Designator=C? New Designator=C109
Change Component Designator: Old Designator=C? New Designator=C110
Change Component Designator: Old Designator=C? New Designator=C111
Change Component Designator: Old Designator=C? New Designator=C112
Change Component Designator: Old Designator=C? New Designator=C113
Change Component Designator: Old Designator=C? New Designator=C114
Change Component Designator: Old Designator=C? New Designator=C115
Change Component Designator: Old Designator=C? New Designator=C116
Change Component Designator: Old Designator=C? New Designator=C117
Change Component Designator: Old Designator=C? New Designator=C118
Change Component Designator: Old Designator=C? New Designator=C119
Change Component Designator: Old Designator=C? New Designator=C120
Change Component Designator: Old Designator=C? New Designator=C121
Change Component Designator: Old Designator=C? New Designator=C122
Change Component Designator: Old Designator=C? New Designator=C123
Change Component Designator: Old Designator=FB? New Designator=FB100
Change Component Designator: Old Designator=FB? New Designator=FB101
Change Component Designator: Old Designator=H? New Designator=H100
Change Component Designator: Old Designator=LED? New Designator=LED100
Change Component Designator: Old Designator=LED? New Designator=LED101
Change Component Designator: Old Designator=Q? New Designator=Q100
Change Component Designator: Old Designator=R101 New Designator=R100
Change Component Designator: Old Designator=R103 New Designator=R102
Change Component Designator: Old Designator=R105 New Designator=R103
Change Component Designator: Old Designator=R109 New Designator=R107
Change Component Designator: Old Designator=R112 New Designator=R111
Change Component Designator: Old Designator=R118 New Designator=R119
Change Component Designator: Old Designator=R119 New Designator=R122
Change Component Designator: Old Designator=R121 New Designator=R123
Change Component Designator: Old Designator=R128 New Designator=R113
Change Component Designator: Old Designator=R? New Designator=R101
Change Component Designator: Old Designator=R? New Designator=R104
Change Component Designator: Old Designator=R? New Designator=R105
Change Component Designator: Old Designator=R? New Designator=R106
Change Component Designator: Old Designator=R? New Designator=R108
Change Component Designator: Old Designator=R? New Designator=R109
Change Component Designator: Old Designator=R? New Designator=R110
Change Component Designator: Old Designator=R? New Designator=R112
Change Component Designator: Old Designator=R? New Designator=R116
Change Component Designator: Old Designator=R? New Designator=R117
Change Component Designator: Old Designator=R? New Designator=R118
Change Component Designator: Old Designator=R? New Designator=R121
Change Component Designator: Old Designator=R? New Designator=R124
Change Component Designator: Old Designator=R? New Designator=R125
Change Component Designator: Old Designator=R? New Designator=R126
Change Component Designator: Old Designator=R? New Designator=R127
Change Component Designator: Old Designator=R? New Designator=R128
Change Component Designator: Old Designator=R? New Designator=R129
Change Component Designator: Old Designator=U? New Designator=U100
Change Component Designator: Old Designator=U? New Designator=U102
Change Component Designator: Old Designator=U? New Designator=U104
Change Component Designator: Old Designator=U? New Designator=U105
